This file contains any messages produced by compilers while
running configure, to aid debugging if configure makes a mistake.

It was created by openbts configure P2.8TRUNK, which was
generated by GNU Autoconf 2.68.  Invocation command line was

  $ ./configure --with-neon

## --------- ##
## Platform. ##
## --------- ##

hostname = ubuntu-armhf
uname -m = armv7l
uname -r = 3.8.13-bone30
uname -s = Linux
uname -v = #1 SMP Thu Nov 14 11:19:20 UTC 2013

/usr/bin/uname -p = unknown
/bin/uname -X     = unknown

/bin/arch              = unknown
/usr/bin/arch -k       = unknown
/usr/convex/getsysinfo = unknown
/usr/bin/hostinfo      = unknown
/bin/machine           = unknown
/usr/bin/oslevel       = unknown
/bin/universe          = unknown

PATH: /usr/local/sbin
PATH: /usr/local/bin
PATH: /usr/sbin
PATH: /usr/bin
PATH: /sbin
PATH: /bin
PATH: /usr/games


## ----------- ##
## Core tests. ##
## ----------- ##

configure:2479: checking build system type
configure:2493: result: armv7l-unknown-linux-gnueabihf
configure:2513: checking host system type
configure:2526: result: armv7l-unknown-linux-gnueabihf
configure:2546: checking target system type
configure:2559: result: armv7l-unknown-linux-gnueabihf
configure:2602: checking for a BSD-compatible install
configure:2670: result: /usr/bin/install -c
configure:2681: checking whether build environment is sane
configure:2731: result: yes
configure:2872: checking for a thread-safe mkdir -p
configure:2911: result: /bin/mkdir -p
configure:2924: checking for gawk
configure:2954: result: no
configure:2924: checking for mawk
configure:2940: found /usr/bin/mawk
configure:2951: result: mawk
configure:2962: checking whether make sets $(MAKE)
configure:2984: result: yes
configure:3076: checking whether make supports nested variables
configure:3093: result: yes
configure:3117: checking for style of include used by make
configure:3145: result: GNU
configure:3216: checking for gcc
configure:3232: found /usr/bin/gcc
configure:3243: result: gcc
configure:3472: checking for C compiler version
configure:3481: gcc --version >&5
gcc (Ubuntu/Linaro 4.6.3-1ubuntu5) 4.6.3
Copyright (C) 2011 Free Software Foundation, Inc.
This is free software; see the source for copying conditions.  There is NO
warranty; not even for MERCHANTABILITY or FITNESS FOR A PARTICULAR PURPOSE.

configure:3492: $? = 0
configure:3481: gcc -v >&5
Using built-in specs.
COLLECT_GCC=gcc
COLLECT_LTO_WRAPPER=/usr/lib/gcc/arm-linux-gnueabihf/4.6/lto-wrapper
Target: arm-linux-gnueabihf
Configured with: ../src/configure -v --with-pkgversion='Ubuntu/Linaro 4.6.3-1ubuntu5' --with-bugurl=file:///usr/share/doc/gcc-4.6/README.Bugs --enable-languages=c,c++,fortran,objc,obj-c++ --prefix=/usr --program-suffix=-4.6 --enable-shared --enable-linker-build-id --with-system-zlib --libexecdir=/usr/lib --without-included-gettext --enable-threads=posix --with-gxx-include-dir=/usr/include/c++/4.6 --libdir=/usr/lib --enable-nls --with-sysroot=/ --enable-clocale=gnu --enable-libstdcxx-debug --enable-libstdcxx-time=yes --enable-gnu-unique-object --enable-plugin --enable-objc-gc --enable-multilib --disable-sjlj-exceptions --with-arch=armv7-a --with-float=hard --with-fpu=vfpv3-d16 --with-mode=thumb --disable-werror --enable-checking=release --build=arm-linux-gnueabihf --host=arm-linux-gnueabihf --target=arm-linux-gnueabihf
Thread model: posix
gcc version 4.6.3 (Ubuntu/Linaro 4.6.3-1ubuntu5) 
configure:3492: $? = 0
configure:3481: gcc -V >&5
gcc: fatal error: no input files
compilation terminated.
configure:3492: $? = 4
configure:3481: gcc -qversion >&5
gcc: fatal error: no input files
compilation terminated.
configure:3492: $? = 4
configure:3512: checking whether the C compiler works
configure:3534: gcc    conftest.c  >&5
configure:3538: $? = 0
configure:3586: result: yes
configure:3589: checking for C compiler default output file name
configure:3591: result: a.out
configure:3597: checking for suffix of executables
configure:3604: gcc -o conftest    conftest.c  >&5
configure:3608: $? = 0
configure:3630: result: 
configure:3652: checking whether we are cross compiling
configure:3660: gcc -o conftest    conftest.c  >&5
configure:3664: $? = 0
configure:3671: ./conftest
configure:3675: $? = 0
configure:3690: result: no
configure:3695: checking for suffix of object files
configure:3717: gcc -c   conftest.c >&5
configure:3721: $? = 0
configure:3742: result: o
configure:3746: checking whether we are using the GNU C compiler
configure:3765: gcc -c   conftest.c >&5
configure:3765: $? = 0
configure:3774: result: yes
configure:3783: checking whether gcc accepts -g
configure:3803: gcc -c -g  conftest.c >&5
configure:3803: $? = 0
configure:3844: result: yes
configure:3861: checking for gcc option to accept ISO C89
configure:3925: gcc  -c -g -O2  conftest.c >&5
configure:3925: $? = 0
configure:3938: result: none needed
configure:3960: checking dependency style of gcc
configure:4071: result: gcc3
configure:4095: checking dependency style of gcc
configure:4204: result: gcc3
configure:4277: checking for g++
configure:4293: found /usr/bin/g++
configure:4304: result: g++
configure:4331: checking for C++ compiler version
configure:4340: g++ --version >&5
g++ (Ubuntu/Linaro 4.6.3-1ubuntu5) 4.6.3
Copyright (C) 2011 Free Software Foundation, Inc.
This is free software; see the source for copying conditions.  There is NO
warranty; not even for MERCHANTABILITY or FITNESS FOR A PARTICULAR PURPOSE.

configure:4351: $? = 0
configure:4340: g++ -v >&5
Using built-in specs.
COLLECT_GCC=g++
COLLECT_LTO_WRAPPER=/usr/lib/gcc/arm-linux-gnueabihf/4.6/lto-wrapper
Target: arm-linux-gnueabihf
Configured with: ../src/configure -v --with-pkgversion='Ubuntu/Linaro 4.6.3-1ubuntu5' --with-bugurl=file:///usr/share/doc/gcc-4.6/README.Bugs --enable-languages=c,c++,fortran,objc,obj-c++ --prefix=/usr --program-suffix=-4.6 --enable-shared --enable-linker-build-id --with-system-zlib --libexecdir=/usr/lib --without-included-gettext --enable-threads=posix --with-gxx-include-dir=/usr/include/c++/4.6 --libdir=/usr/lib --enable-nls --with-sysroot=/ --enable-clocale=gnu --enable-libstdcxx-debug --enable-libstdcxx-time=yes --enable-gnu-unique-object --enable-plugin --enable-objc-gc --enable-multilib --disable-sjlj-exceptions --with-arch=armv7-a --with-float=hard --with-fpu=vfpv3-d16 --with-mode=thumb --disable-werror --enable-checking=release --build=arm-linux-gnueabihf --host=arm-linux-gnueabihf --target=arm-linux-gnueabihf
Thread model: posix
gcc version 4.6.3 (Ubuntu/Linaro 4.6.3-1ubuntu5) 
configure:4351: $? = 0
configure:4340: g++ -V >&5
g++: fatal error: no input files
compilation terminated.
configure:4351: $? = 4
configure:4340: g++ -qversion >&5
g++: fatal error: no input files
compilation terminated.
configure:4351: $? = 4
configure:4355: checking whether we are using the GNU C++ compiler
configure:4374: g++ -c   conftest.cpp >&5
configure:4374: $? = 0
configure:4383: result: yes
configure:4392: checking whether g++ accepts -g
configure:4412: g++ -c -g  conftest.cpp >&5
configure:4412: $? = 0
configure:4453: result: yes
configure:4478: checking dependency style of g++
configure:4589: result: gcc3
configure:4604: checking whether ln -s works
configure:4608: result: yes
configure:4615: checking whether make sets $(MAKE)
configure:4637: result: yes
configure:4649: checking for rm
configure:4667: found /bin/rm
configure:4679: result: /bin/rm
configure:5097: checking how to print strings
configure:5124: result: printf
configure:5145: checking for a sed that does not truncate output
configure:5209: result: /bin/sed
configure:5227: checking for grep that handles long lines and -e
configure:5285: result: /bin/grep
configure:5290: checking for egrep
configure:5352: result: /bin/grep -E
configure:5357: checking for fgrep
configure:5419: result: /bin/grep -F
configure:5454: checking for ld used by gcc
configure:5521: result: /usr/bin/ld
configure:5528: checking if the linker (/usr/bin/ld) is GNU ld
configure:5543: result: yes
configure:5555: checking for BSD- or MS-compatible name lister (nm)
configure:5604: result: /usr/bin/nm -B
configure:5734: checking the name lister (/usr/bin/nm -B) interface
configure:5741: gcc -c -g -O2  conftest.c >&5
configure:5744: /usr/bin/nm -B "conftest.o"
configure:5747: output
00000000 B some_variable
configure:5754: result: BSD nm
configure:5758: checking the maximum length of command line arguments
configure:5888: result: 1572864
configure:5905: checking whether the shell understands some XSI constructs
configure:5915: result: yes
configure:5919: checking whether the shell understands "+="
configure:5925: result: yes
configure:5960: checking how to convert armv7l-unknown-linux-gnueabihf file names to armv7l-unknown-linux-gnueabihf format
configure:6000: result: func_convert_file_noop
configure:6007: checking how to convert armv7l-unknown-linux-gnueabihf file names to toolchain format
configure:6027: result: func_convert_file_noop
configure:6034: checking for /usr/bin/ld option to reload object files
configure:6041: result: -r
configure:6115: checking for objdump
configure:6142: result: objdump
configure:6171: checking how to recognize dependent libraries
configure:6373: result: pass_all
configure:6458: checking for dlltool
configure:6485: result: dlltool
configure:6515: checking how to associate runtime and link libraries
configure:6542: result: printf %s\n
configure:6603: checking for ar
configure:6619: found /usr/bin/ar
configure:6630: result: ar
configure:6667: checking for archiver @FILE support
configure:6684: gcc -c -g -O2  conftest.c >&5
configure:6684: $? = 0
configure:6687: ar cru libconftest.a @conftest.lst >&5
configure:6690: $? = 0
configure:6695: ar cru libconftest.a @conftest.lst >&5
ar: conftest.o: No such file or directory
configure:6698: $? = 1
configure:6710: result: @
configure:6768: checking for strip
configure:6784: found /usr/bin/strip
configure:6795: result: strip
configure:6867: checking for ranlib
configure:6883: found /usr/bin/ranlib
configure:6894: result: ranlib
configure:6996: checking command to parse /usr/bin/nm -B output from gcc object
configure:7116: gcc -c -g -O2  conftest.c >&5
configure:7119: $? = 0
configure:7123: /usr/bin/nm -B conftest.o \| sed -n -e 's/^.*[ ]\([ABCDGIRSTW][ABCDGIRSTW]*\)[ ][ ]*\([_A-Za-z][_A-Za-z0-9]*\)$/\1 \2 \2/p' | sed '/ __gnu_lto/d' \> conftest.nm
configure:7126: $? = 0
configure:7192: gcc -o conftest -g -O2   conftest.c conftstm.o >&5
configure:7195: $? = 0
configure:7233: result: ok
configure:7270: checking for sysroot
configure:7300: result: no
configure:7556: checking for mt
configure:7572: found /bin/mt
configure:7583: result: mt
configure:7606: checking if mt is a manifest tool
configure:7612: mt '-?'
configure:7620: result: no
configure:8262: checking how to run the C preprocessor
configure:8293: gcc -E  conftest.c
configure:8293: $? = 0
configure:8307: gcc -E  conftest.c
conftest.c:11:28: fatal error: ac_nonexistent.h: No such file or directory
compilation terminated.
configure:8307: $? = 1
configure: failed program was:
| /* confdefs.h */
| #define PACKAGE_NAME "openbts"
| #define PACKAGE_TARNAME "openbts"
| #define PACKAGE_VERSION "P2.8TRUNK"
| #define PACKAGE_STRING "openbts P2.8TRUNK"
| #define PACKAGE_BUGREPORT ""
| #define PACKAGE_URL ""
| #define PACKAGE "openbts"
| #define VERSION "P2.8TRUNK"
| /* end confdefs.h.  */
| #include <ac_nonexistent.h>
configure:8332: result: gcc -E
configure:8352: gcc -E  conftest.c
configure:8352: $? = 0
configure:8366: gcc -E  conftest.c
conftest.c:11:28: fatal error: ac_nonexistent.h: No such file or directory
compilation terminated.
configure:8366: $? = 1
configure: failed program was:
| /* confdefs.h */
| #define PACKAGE_NAME "openbts"
| #define PACKAGE_TARNAME "openbts"
| #define PACKAGE_VERSION "P2.8TRUNK"
| #define PACKAGE_STRING "openbts P2.8TRUNK"
| #define PACKAGE_BUGREPORT ""
| #define PACKAGE_URL ""
| #define PACKAGE "openbts"
| #define VERSION "P2.8TRUNK"
| /* end confdefs.h.  */
| #include <ac_nonexistent.h>
configure:8395: checking for ANSI C header files
configure:8415: gcc -c -g -O2  conftest.c >&5
configure:8415: $? = 0
configure:8488: gcc -o conftest -g -O2   conftest.c  >&5
configure:8488: $? = 0
configure:8488: ./conftest
configure:8488: $? = 0
configure:8499: result: yes
configure:8512: checking for sys/types.h
configure:8512: gcc -c -g -O2  conftest.c >&5
configure:8512: $? = 0
configure:8512: result: yes
configure:8512: checking for sys/stat.h
configure:8512: gcc -c -g -O2  conftest.c >&5
configure:8512: $? = 0
configure:8512: result: yes
configure:8512: checking for stdlib.h
configure:8512: gcc -c -g -O2  conftest.c >&5
configure:8512: $? = 0
configure:8512: result: yes
configure:8512: checking for string.h
configure:8512: gcc -c -g -O2  conftest.c >&5
configure:8512: $? = 0
configure:8512: result: yes
configure:8512: checking for memory.h
configure:8512: gcc -c -g -O2  conftest.c >&5
configure:8512: $? = 0
configure:8512: result: yes
configure:8512: checking for strings.h
configure:8512: gcc -c -g -O2  conftest.c >&5
configure:8512: $? = 0
configure:8512: result: yes
configure:8512: checking for inttypes.h
configure:8512: gcc -c -g -O2  conftest.c >&5
configure:8512: $? = 0
configure:8512: result: yes
configure:8512: checking for stdint.h
configure:8512: gcc -c -g -O2  conftest.c >&5
configure:8512: $? = 0
configure:8512: result: yes
configure:8512: checking for unistd.h
configure:8512: gcc -c -g -O2  conftest.c >&5
configure:8512: $? = 0
configure:8512: result: yes
configure:8526: checking for dlfcn.h
configure:8526: gcc -c -g -O2  conftest.c >&5
configure:8526: $? = 0
configure:8526: result: yes
configure:8681: checking for objdir
configure:8696: result: .libs
configure:8967: checking if gcc supports -fno-rtti -fno-exceptions
configure:8985: gcc -c -g -O2  -fno-rtti -fno-exceptions conftest.c >&5
cc1: warning: command line option '-fno-rtti' is valid for C++/ObjC++ but not for C [enabled by default]
configure:8989: $? = 0
configure:9002: result: no
configure:9329: checking for gcc option to produce PIC
configure:9336: result: -fPIC -DPIC
configure:9344: checking if gcc PIC flag -fPIC -DPIC works
configure:9362: gcc -c -g -O2  -fPIC -DPIC -DPIC conftest.c >&5
configure:9366: $? = 0
configure:9379: result: yes
configure:9408: checking if gcc static flag -static works
configure:9436: result: yes
configure:9451: checking if gcc supports -c -o file.o
configure:9472: gcc -c -g -O2  -o out/conftest2.o conftest.c >&5
configure:9476: $? = 0
configure:9498: result: yes
configure:9506: checking if gcc supports -c -o file.o
configure:9553: result: yes
configure:9586: checking whether the gcc linker (/usr/bin/ld) supports shared libraries
configure:10743: result: yes
configure:10780: checking whether -lc should be explicitly linked in
configure:10788: gcc -c -g -O2  conftest.c >&5
configure:10791: $? = 0
configure:10806: gcc -shared  -fPIC -DPIC conftest.o  -v -Wl,-soname -Wl,conftest -o conftest 2\>\&1 \| /bin/grep  -lc  \>/dev/null 2\>\&1
configure:10809: $? = 0
configure:10823: result: no
configure:10983: checking dynamic linker characteristics
configure:11494: gcc -o conftest -g -O2   -Wl,-rpath -Wl,/foo conftest.c  >&5
configure:11494: $? = 0
configure:11728: result: GNU/Linux ld.so
configure:11835: checking how to hardcode library paths into programs
configure:11860: result: immediate
configure:12400: checking whether stripping libraries is possible
configure:12405: result: yes
configure:12440: checking if libtool supports shared libraries
configure:12442: result: yes
configure:12445: checking whether to build shared libraries
configure:12466: result: yes
configure:12469: checking whether to build static libraries
configure:12473: result: no
configure:12496: checking how to run the C++ preprocessor
configure:12523: g++ -E  conftest.cpp
configure:12523: $? = 0
configure:12537: g++ -E  conftest.cpp
conftest.cpp:23:28: fatal error: ac_nonexistent.h: No such file or directory
compilation terminated.
configure:12537: $? = 1
configure: failed program was:
| /* confdefs.h */
| #define PACKAGE_NAME "openbts"
| #define PACKAGE_TARNAME "openbts"
| #define PACKAGE_VERSION "P2.8TRUNK"
| #define PACKAGE_STRING "openbts P2.8TRUNK"
| #define PACKAGE_BUGREPORT ""
| #define PACKAGE_URL ""
| #define PACKAGE "openbts"
| #define VERSION "P2.8TRUNK"
| #define STDC_HEADERS 1
| #define HAVE_SYS_TYPES_H 1
| #define HAVE_SYS_STAT_H 1
| #define HAVE_STDLIB_H 1
| #define HAVE_STRING_H 1
| #define HAVE_MEMORY_H 1
| #define HAVE_STRINGS_H 1
| #define HAVE_INTTYPES_H 1
| #define HAVE_STDINT_H 1
| #define HAVE_UNISTD_H 1
| #define HAVE_DLFCN_H 1
| #define LT_OBJDIR ".libs/"
| /* end confdefs.h.  */
| #include <ac_nonexistent.h>
configure:12562: result: g++ -E
configure:12582: g++ -E  conftest.cpp
configure:12582: $? = 0
configure:12596: g++ -E  conftest.cpp
conftest.cpp:23:28: fatal error: ac_nonexistent.h: No such file or directory
compilation terminated.
configure:12596: $? = 1
configure: failed program was:
| /* confdefs.h */
| #define PACKAGE_NAME "openbts"
| #define PACKAGE_TARNAME "openbts"
| #define PACKAGE_VERSION "P2.8TRUNK"
| #define PACKAGE_STRING "openbts P2.8TRUNK"
| #define PACKAGE_BUGREPORT ""
| #define PACKAGE_URL ""
| #define PACKAGE "openbts"
| #define VERSION "P2.8TRUNK"
| #define STDC_HEADERS 1
| #define HAVE_SYS_TYPES_H 1
| #define HAVE_SYS_STAT_H 1
| #define HAVE_STDLIB_H 1
| #define HAVE_STRING_H 1
| #define HAVE_MEMORY_H 1
| #define HAVE_STRINGS_H 1
| #define HAVE_INTTYPES_H 1
| #define HAVE_STDINT_H 1
| #define HAVE_UNISTD_H 1
| #define HAVE_DLFCN_H 1
| #define LT_OBJDIR ".libs/"
| /* end confdefs.h.  */
| #include <ac_nonexistent.h>
configure:12765: checking for ld used by g++
configure:12832: result: /usr/bin/ld
configure:12839: checking if the linker (/usr/bin/ld) is GNU ld
configure:12854: result: yes
configure:12909: checking whether the g++ linker (/usr/bin/ld) supports shared libraries
configure:13914: result: yes
configure:13950: g++ -c -g -O2  conftest.cpp >&5
configure:13953: $? = 0
configure:14473: checking for g++ option to produce PIC
configure:14480: result: -fPIC -DPIC
configure:14488: checking if g++ PIC flag -fPIC -DPIC works
configure:14506: g++ -c -g -O2  -fPIC -DPIC -DPIC conftest.cpp >&5
configure:14510: $? = 0
configure:14523: result: yes
configure:14546: checking if g++ static flag -static works
configure:14574: result: yes
configure:14586: checking if g++ supports -c -o file.o
configure:14607: g++ -c -g -O2  -o out/conftest2.o conftest.cpp >&5
configure:14611: $? = 0
configure:14633: result: yes
configure:14638: checking if g++ supports -c -o file.o
configure:14685: result: yes
configure:14715: checking whether the g++ linker (/usr/bin/ld) supports shared libraries
configure:14754: result: yes
configure:14895: checking dynamic linker characteristics
configure:15574: result: GNU/Linux ld.so
configure:15627: checking how to hardcode library paths into programs
configure:15652: result: immediate
configure:15714: checking for ANSI C header files
configure:15818: result: yes
configure:15828: checking byteswap.h usability
configure:15828: gcc -c -g -O2  conftest.c >&5
configure:15828: $? = 0
configure:15828: result: yes
configure:15828: checking byteswap.h presence
configure:15828: gcc -E  conftest.c
configure:15828: $? = 0
configure:15828: result: yes
configure:15828: checking for byteswap.h
configure:15828: result: yes
configure:15839: checking for an ANSI C-conforming const
configure:15904: gcc -c -g -O2  conftest.c >&5
configure:15904: $? = 0
configure:15911: result: yes
configure:15919: checking for inline
configure:15935: gcc -c -g -O2  conftest.c >&5
configure:15935: $? = 0
configure:15943: result: inline
configure:15961: checking for size_t
configure:15961: gcc -c -g -O2  conftest.c >&5
configure:15961: $? = 0
configure:15961: gcc -c -g -O2  conftest.c >&5
conftest.c: In function 'main':
conftest.c:61:21: error: expected expression before ')' token
configure:15961: $? = 1
configure: failed program was:
| /* confdefs.h */
| #define PACKAGE_NAME "openbts"
| #define PACKAGE_TARNAME "openbts"
| #define PACKAGE_VERSION "P2.8TRUNK"
| #define PACKAGE_STRING "openbts P2.8TRUNK"
| #define PACKAGE_BUGREPORT ""
| #define PACKAGE_URL ""
| #define PACKAGE "openbts"
| #define VERSION "P2.8TRUNK"
| #define STDC_HEADERS 1
| #define HAVE_SYS_TYPES_H 1
| #define HAVE_SYS_STAT_H 1
| #define HAVE_STDLIB_H 1
| #define HAVE_STRING_H 1
| #define HAVE_MEMORY_H 1
| #define HAVE_STRINGS_H 1
| #define HAVE_INTTYPES_H 1
| #define HAVE_STDINT_H 1
| #define HAVE_UNISTD_H 1
| #define HAVE_DLFCN_H 1
| #define LT_OBJDIR ".libs/"
| #define STDC_HEADERS 1
| #define HAVE_BYTESWAP_H 1
| /* end confdefs.h.  */
| #include <stdio.h>
| #ifdef HAVE_SYS_TYPES_H
| # include <sys/types.h>
| #endif
| #ifdef HAVE_SYS_STAT_H
| # include <sys/stat.h>
| #endif
| #ifdef STDC_HEADERS
| # include <stdlib.h>
| # include <stddef.h>
| #else
| # ifdef HAVE_STDLIB_H
| #  include <stdlib.h>
| # endif
| #endif
| #ifdef HAVE_STRING_H
| # if !defined STDC_HEADERS && defined HAVE_MEMORY_H
| #  include <memory.h>
| # endif
| # include <string.h>
| #endif
| #ifdef HAVE_STRINGS_H
| # include <strings.h>
| #endif
| #ifdef HAVE_INTTYPES_H
| # include <inttypes.h>
| #endif
| #ifdef HAVE_STDINT_H
| # include <stdint.h>
| #endif
| #ifdef HAVE_UNISTD_H
| # include <unistd.h>
| #endif
| int
| main ()
| {
| if (sizeof ((size_t)))
| 	    return 0;
|   ;
|   return 0;
| }
configure:15961: result: yes
configure:15972: checking whether time.h and sys/time.h may both be included
configure:15992: gcc -c -g -O2  conftest.c >&5
configure:15992: $? = 0
configure:15999: result: yes
configure:16007: checking whether byte ordering is bigendian
configure:16022: gcc -c -g -O2  conftest.c >&5
conftest.c:27:9: error: unknown type name 'not'
conftest.c:27:15: error: expected '=', ',', ';', 'asm' or '__attribute__' before 'universal'
conftest.c:27:15: error: unknown type name 'universal'
configure:16022: $? = 1
configure: failed program was:
| /* confdefs.h */
| #define PACKAGE_NAME "openbts"
| #define PACKAGE_TARNAME "openbts"
| #define PACKAGE_VERSION "P2.8TRUNK"
| #define PACKAGE_STRING "openbts P2.8TRUNK"
| #define PACKAGE_BUGREPORT ""
| #define PACKAGE_URL ""
| #define PACKAGE "openbts"
| #define VERSION "P2.8TRUNK"
| #define STDC_HEADERS 1
| #define HAVE_SYS_TYPES_H 1
| #define HAVE_SYS_STAT_H 1
| #define HAVE_STDLIB_H 1
| #define HAVE_STRING_H 1
| #define HAVE_MEMORY_H 1
| #define HAVE_STRINGS_H 1
| #define HAVE_INTTYPES_H 1
| #define HAVE_STDINT_H 1
| #define HAVE_UNISTD_H 1
| #define HAVE_DLFCN_H 1
| #define LT_OBJDIR ".libs/"
| #define STDC_HEADERS 1
| #define HAVE_BYTESWAP_H 1
| #define TIME_WITH_SYS_TIME 1
| /* end confdefs.h.  */
| #ifndef __APPLE_CC__
| 	       not a universal capable compiler
| 	     #endif
| 	     typedef int dummy;
| 
configure:16067: gcc -c -g -O2  conftest.c >&5
configure:16067: $? = 0
configure:16085: gcc -c -g -O2  conftest.c >&5
conftest.c: In function 'main':
conftest.c:33:4: error: unknown type name 'not'
conftest.c:33:12: error: expected '=', ',', ';', 'asm' or '__attribute__' before 'endian'
configure:16085: $? = 1
configure: failed program was:
| /* confdefs.h */
| #define PACKAGE_NAME "openbts"
| #define PACKAGE_TARNAME "openbts"
| #define PACKAGE_VERSION "P2.8TRUNK"
| #define PACKAGE_STRING "openbts P2.8TRUNK"
| #define PACKAGE_BUGREPORT ""
| #define PACKAGE_URL ""
| #define PACKAGE "openbts"
| #define VERSION "P2.8TRUNK"
| #define STDC_HEADERS 1
| #define HAVE_SYS_TYPES_H 1
| #define HAVE_SYS_STAT_H 1
| #define HAVE_STDLIB_H 1
| #define HAVE_STRING_H 1
| #define HAVE_MEMORY_H 1
| #define HAVE_STRINGS_H 1
| #define HAVE_INTTYPES_H 1
| #define HAVE_STDINT_H 1
| #define HAVE_UNISTD_H 1
| #define HAVE_DLFCN_H 1
| #define LT_OBJDIR ".libs/"
| #define STDC_HEADERS 1
| #define HAVE_BYTESWAP_H 1
| #define TIME_WITH_SYS_TIME 1
| /* end confdefs.h.  */
| #include <sys/types.h>
| 		#include <sys/param.h>
| 
| int
| main ()
| {
| #if BYTE_ORDER != BIG_ENDIAN
| 		 not big endian
| 		#endif
| 
|   ;
|   return 0;
| }
configure:16213: result: no
configure:16340: checking for pkg-config
configure:16358: found /usr/bin/pkg-config
configure:16370: result: /usr/bin/pkg-config
configure:16395: checking pkg-config is at least version 0.9.0
configure:16398: result: yes
configure:16506: checking for UHD
configure:16513: $PKG_CONFIG --exists --print-errors "uhd >= 003.004.000"
configure:16516: $? = 0
configure:16530: $PKG_CONFIG --exists --print-errors "uhd >= 003.004.000"
configure:16533: $? = 0
configure:16591: result: yes
configure:16617: checking for x86 cpuid  output
configure:16646: gcc -o conftest -g -O2   conftest.c  >&5
conftest.c: In function 'main':
conftest.c:33:15: error: expected expression before ',' token
configure:16646: $? = 1
configure: program exited with status 1
configure: failed program was:
| /* confdefs.h */
| #define PACKAGE_NAME "openbts"
| #define PACKAGE_TARNAME "openbts"
| #define PACKAGE_VERSION "P2.8TRUNK"
| #define PACKAGE_STRING "openbts P2.8TRUNK"
| #define PACKAGE_BUGREPORT ""
| #define PACKAGE_URL ""
| #define PACKAGE "openbts"
| #define VERSION "P2.8TRUNK"
| #define STDC_HEADERS 1
| #define HAVE_SYS_TYPES_H 1
| #define HAVE_SYS_STAT_H 1
| #define HAVE_STDLIB_H 1
| #define HAVE_STRING_H 1
| #define HAVE_MEMORY_H 1
| #define HAVE_STRINGS_H 1
| #define HAVE_INTTYPES_H 1
| #define HAVE_STDINT_H 1
| #define HAVE_UNISTD_H 1
| #define HAVE_DLFCN_H 1
| #define LT_OBJDIR ".libs/"
| #define STDC_HEADERS 1
| #define HAVE_BYTESWAP_H 1
| #define TIME_WITH_SYS_TIME 1
| #define HAVE_NEON 1
| #define USE_UHD 1
| /* end confdefs.h.  */
| #include <stdio.h>
| int
| main ()
| {
| 
|      int op = , eax, ebx, ecx, edx;
|      FILE *f;
|       __asm__("cpuid"
|         : "=a" (eax), "=b" (ebx), "=c" (ecx), "=d" (edx)
|         : "a" (op));
|      f = fopen("conftest_cpuid", "w"); if (!f) return 1;
|      fprintf(f, "%x:%x:%x:%x\n", eax, ebx, ecx, edx);
|      fclose(f);
|      return 0;
| 
|   ;
|   return 0;
| }
configure:16656: result: unknown
configure:16672: checking for x86-AVX xgetbv  output
configure:16702: gcc -o conftest -g -O2   conftest.c  >&5
conftest.c: In function 'main':
conftest.c:33:15: error: expected expression before ',' token
configure:16702: $? = 1
configure: program exited with status 1
configure: failed program was:
| /* confdefs.h */
| #define PACKAGE_NAME "openbts"
| #define PACKAGE_TARNAME "openbts"
| #define PACKAGE_VERSION "P2.8TRUNK"
| #define PACKAGE_STRING "openbts P2.8TRUNK"
| #define PACKAGE_BUGREPORT ""
| #define PACKAGE_URL ""
| #define PACKAGE "openbts"
| #define VERSION "P2.8TRUNK"
| #define STDC_HEADERS 1
| #define HAVE_SYS_TYPES_H 1
| #define HAVE_SYS_STAT_H 1
| #define HAVE_STDLIB_H 1
| #define HAVE_STRING_H 1
| #define HAVE_MEMORY_H 1
| #define HAVE_STRINGS_H 1
| #define HAVE_INTTYPES_H 1
| #define HAVE_STDINT_H 1
| #define HAVE_UNISTD_H 1
| #define HAVE_DLFCN_H 1
| #define LT_OBJDIR ".libs/"
| #define STDC_HEADERS 1
| #define HAVE_BYTESWAP_H 1
| #define TIME_WITH_SYS_TIME 1
| #define HAVE_NEON 1
| #define USE_UHD 1
| /* end confdefs.h.  */
| #include <stdio.h>
| int
| main ()
| {
| 
|      int op = , eax, edx;
|      FILE *f;
|       /* Opcodes for xgetbv */
|       __asm__(".byte 0x0f, 0x01, 0xd0"
|         : "=a" (eax), "=d" (edx)
|         : "c" (op));
|      f = fopen("conftest_xgetbv", "w"); if (!f) return 1;
|      fprintf(f, "%x:%x\n", eax, edx);
|      fclose(f);
|      return 0;
| 
|   ;
|   return 0;
| }
configure:16712: result: unknown
configure:17407: checking for LIBUSB
configure:17414: $PKG_CONFIG --exists --print-errors "libusb-1.0"
configure:17417: $? = 0
configure:17431: $PKG_CONFIG --exists --print-errors "libusb-1.0"
configure:17434: $? = 0
configure:17492: result: yes
configure:17651: creating ./config.status

## ---------------------- ##
## Running config.status. ##
## ---------------------- ##

This file was extended by openbts config.status P2.8TRUNK, which was
generated by GNU Autoconf 2.68.  Invocation command line was

  CONFIG_FILES    = 
  CONFIG_HEADERS  = 
  CONFIG_LINKS    = 
  CONFIG_COMMANDS = 
  $ ./config.status 

on ubuntu-armhf

config.status:1194: creating Makefile
config.status:1194: creating CommonLibs/Makefile
config.status:1194: creating GSM/Makefile
config.status:1194: creating Transceiver52M/Makefile
config.status:1194: creating Transceiver52M/arm/Makefile
config.status:1194: creating Transceiver52M/x86/Makefile
config.status:1194: creating sqlite3/Makefile
config.status:1194: creating config.h
config.status:1375: config.h is unchanged
config.status:1423: executing depfiles commands
config.status:1423: executing libtool commands

## ---------------- ##
## Cache variables. ##
## ---------------- ##

ac_cv_build=armv7l-unknown-linux-gnueabihf
ac_cv_c_bigendian=no
ac_cv_c_compiler_gnu=yes
ac_cv_c_const=yes
ac_cv_c_inline=inline
ac_cv_cxx_compiler_gnu=yes
ac_cv_env_CCASFLAGS_set=
ac_cv_env_CCASFLAGS_value=
ac_cv_env_CCAS_set=
ac_cv_env_CCAS_value=
ac_cv_env_CCC_set=
ac_cv_env_CCC_value=
ac_cv_env_CC_set=
ac_cv_env_CC_value=
ac_cv_env_CFLAGS_set=
ac_cv_env_CFLAGS_value=
ac_cv_env_CPPFLAGS_set=
ac_cv_env_CPPFLAGS_value=
ac_cv_env_CPP_set=
ac_cv_env_CPP_value=
ac_cv_env_CXXCPP_set=
ac_cv_env_CXXCPP_value=
ac_cv_env_CXXFLAGS_set=
ac_cv_env_CXXFLAGS_value=
ac_cv_env_CXX_set=
ac_cv_env_CXX_value=
ac_cv_env_LDFLAGS_set=
ac_cv_env_LDFLAGS_value=
ac_cv_env_LIBS_set=
ac_cv_env_LIBS_value=
ac_cv_env_LIBUSB_CFLAGS_set=
ac_cv_env_LIBUSB_CFLAGS_value=
ac_cv_env_LIBUSB_LIBS_set=
ac_cv_env_LIBUSB_LIBS_value=
ac_cv_env_PKG_CONFIG_LIBDIR_set=
ac_cv_env_PKG_CONFIG_LIBDIR_value=
ac_cv_env_PKG_CONFIG_PATH_set=
ac_cv_env_PKG_CONFIG_PATH_value=
ac_cv_env_PKG_CONFIG_set=
ac_cv_env_PKG_CONFIG_value=
ac_cv_env_UHD_CFLAGS_set=
ac_cv_env_UHD_CFLAGS_value=
ac_cv_env_UHD_LIBS_set=
ac_cv_env_UHD_LIBS_value=
ac_cv_env_USRP_CFLAGS_set=
ac_cv_env_USRP_CFLAGS_value=
ac_cv_env_USRP_LIBS_set=
ac_cv_env_USRP_LIBS_value=
ac_cv_env_build_alias_set=
ac_cv_env_build_alias_value=
ac_cv_env_host_alias_set=
ac_cv_env_host_alias_value=
ac_cv_env_target_alias_set=
ac_cv_env_target_alias_value=
ac_cv_header_byteswap_h=yes
ac_cv_header_dlfcn_h=yes
ac_cv_header_inttypes_h=yes
ac_cv_header_memory_h=yes
ac_cv_header_stdc=yes
ac_cv_header_stdint_h=yes
ac_cv_header_stdlib_h=yes
ac_cv_header_string_h=yes
ac_cv_header_strings_h=yes
ac_cv_header_sys_stat_h=yes
ac_cv_header_sys_types_h=yes
ac_cv_header_time=yes
ac_cv_header_unistd_h=yes
ac_cv_host=armv7l-unknown-linux-gnueabihf
ac_cv_objext=o
ac_cv_path_EGREP='/bin/grep -E'
ac_cv_path_FGREP='/bin/grep -F'
ac_cv_path_GREP=/bin/grep
ac_cv_path_RM_PROG=/bin/rm
ac_cv_path_SED=/bin/sed
ac_cv_path_ac_pt_PKG_CONFIG=/usr/bin/pkg-config
ac_cv_path_install='/usr/bin/install -c'
ac_cv_path_mkdir=/bin/mkdir
ac_cv_prog_AWK=mawk
ac_cv_prog_CPP='gcc -E'
ac_cv_prog_CXXCPP='g++ -E'
ac_cv_prog_ac_ct_AR=ar
ac_cv_prog_ac_ct_CC=gcc
ac_cv_prog_ac_ct_CXX=g++
ac_cv_prog_ac_ct_DLLTOOL=dlltool
ac_cv_prog_ac_ct_MANIFEST_TOOL=mt
ac_cv_prog_ac_ct_OBJDUMP=objdump
ac_cv_prog_ac_ct_RANLIB=ranlib
ac_cv_prog_ac_ct_STRIP=strip
ac_cv_prog_cc_c89=
ac_cv_prog_cc_g=yes
ac_cv_prog_cxx_g=yes
ac_cv_prog_make_make_set=yes
ac_cv_target=armv7l-unknown-linux-gnueabihf
ac_cv_type_size_t=yes
am_cv_CCAS_dependencies_compiler_type=gcc3
am_cv_CC_dependencies_compiler_type=gcc3
am_cv_CXX_dependencies_compiler_type=gcc3
am_cv_make_support_nested_variables=yes
ax_cv_gcc_x86_avx_xgetbv_=unknown
ax_cv_gcc_x86_cpuid_=unknown
lt_cv_ar_at_file=@
lt_cv_archive_cmds_need_lc=no
lt_cv_deplibs_check_method=pass_all
lt_cv_file_magic_cmd='$MAGIC_CMD'
lt_cv_file_magic_test_file=
lt_cv_ld_reload_flag=-r
lt_cv_nm_interface='BSD nm'
lt_cv_objdir=.libs
lt_cv_path_LD=/usr/bin/ld
lt_cv_path_LDCXX=/usr/bin/ld
lt_cv_path_NM='/usr/bin/nm -B'
lt_cv_path_mainfest_tool=no
lt_cv_prog_compiler_c_o=yes
lt_cv_prog_compiler_c_o_CXX=yes
lt_cv_prog_compiler_pic='-fPIC -DPIC'
lt_cv_prog_compiler_pic_CXX='-fPIC -DPIC'
lt_cv_prog_compiler_pic_works=yes
lt_cv_prog_compiler_pic_works_CXX=yes
lt_cv_prog_compiler_rtti_exceptions=no
lt_cv_prog_compiler_static_works=yes
lt_cv_prog_compiler_static_works_CXX=yes
lt_cv_prog_gnu_ld=yes
lt_cv_prog_gnu_ldcxx=yes
lt_cv_sharedlib_from_linklib_cmd='printf %s\n'
lt_cv_shlibpath_overrides_runpath=no
lt_cv_sys_global_symbol_pipe='sed -n -e '\''s/^.*[	 ]\([ABCDGIRSTW][ABCDGIRSTW]*\)[	 ][	 ]*\([_A-Za-z][_A-Za-z0-9]*\)$/\1 \2 \2/p'\'' | sed '\''/ __gnu_lto/d'\'''
lt_cv_sys_global_symbol_to_c_name_address='sed -n -e '\''s/^: \([^ ]*\)[ ]*$/  {\"\1\", (void *) 0},/p'\'' -e '\''s/^[ABCDGIRSTW]* \([^ ]*\) \([^ ]*\)$/  {"\2", (void *) \&\2},/p'\'''
lt_cv_sys_global_symbol_to_c_name_address_lib_prefix='sed -n -e '\''s/^: \([^ ]*\)[ ]*$/  {\"\1\", (void *) 0},/p'\'' -e '\''s/^[ABCDGIRSTW]* \([^ ]*\) \(lib[^ ]*\)$/  {"\2", (void *) \&\2},/p'\'' -e '\''s/^[ABCDGIRSTW]* \([^ ]*\) \([^ ]*\)$/  {"lib\2", (void *) \&\2},/p'\'''
lt_cv_sys_global_symbol_to_cdecl='sed -n -e '\''s/^T .* \(.*\)$/extern int \1();/p'\'' -e '\''s/^[ABCDGIRSTW]* .* \(.*\)$/extern char \1;/p'\'''
lt_cv_sys_max_cmd_len=1572864
lt_cv_to_host_file_cmd=func_convert_file_noop
lt_cv_to_tool_file_cmd=func_convert_file_noop
pkg_cv_LIBUSB_CFLAGS='-I/usr/include/libusb-1.0  '
pkg_cv_LIBUSB_LIBS='-lusb-1.0  '
pkg_cv_UHD_CFLAGS='-I/usr/local/include  '
pkg_cv_UHD_LIBS='-L/usr/local/lib -luhd  '

## ----------------- ##
## Output variables. ##
## ----------------- ##

ACLOCAL='${SHELL} /home/ubuntu/osmo-trx/missing --run aclocal-1.11'
AMDEPBACKSLASH='\'
AMDEP_FALSE='#'
AMDEP_TRUE=''
AMTAR='$${TAR-tar}'
AM_BACKSLASH='\'
AM_DEFAULT_V='$(AM_DEFAULT_VERBOSITY)'
AM_DEFAULT_VERBOSITY='0'
AM_V='$(V)'
AR='ar'
ARCH_ARM_A15_FALSE=''
ARCH_ARM_A15_TRUE='#'
ARCH_ARM_FALSE='#'
ARCH_ARM_TRUE=''
AS='as'
AUTOCONF='${SHELL} /home/ubuntu/osmo-trx/missing --run autoconf'
AUTOHEADER='${SHELL} /home/ubuntu/osmo-trx/missing --run autoheader'
AUTOMAKE='${SHELL} /home/ubuntu/osmo-trx/missing --run automake-1.11'
AWK='mawk'
CC='gcc'
CCAS='gcc'
CCASDEPMODE='depmode=gcc3'
CCASFLAGS='-g -O2'
CCDEPMODE='depmode=gcc3'
CFLAGS='-g -O2'
CPP='gcc -E'
CPPFLAGS=''
CXX='g++'
CXXCPP='g++ -E'
CXXDEPMODE='depmode=gcc3'
CXXFLAGS='-g -O2'
CYGPATH_W='echo'
DEFS='-DHAVE_CONFIG_H'
DEPDIR='.deps'
DLLTOOL='dlltool'
DSYMUTIL=''
DUMPBIN=''
ECHO_C=''
ECHO_N='-n'
ECHO_T=''
EGREP='/bin/grep -E'
EXEEXT=''
FGREP='/bin/grep -F'
GREP='/bin/grep'
INSTALL_DATA='${INSTALL} -m 644'
INSTALL_PROGRAM='${INSTALL}'
INSTALL_SCRIPT='${INSTALL}'
INSTALL_STRIP_PROGRAM='$(install_sh) -c -s'
LD='/usr/bin/ld'
LDFLAGS=''
LIBOBJS=''
LIBS=''
LIBTOOL='$(SHELL) $(top_builddir)/libtool'
LIBUSB_CFLAGS='-I/usr/include/libusb-1.0  '
LIBUSB_LIBS='-lusb-1.0  '
LIPO=''
LN_S='ln -s'
LTLIBOBJS=''
MAKEINFO='${SHELL} /home/ubuntu/osmo-trx/missing --run makeinfo'
MANIFEST_TOOL=':'
MKDIR_P='/bin/mkdir -p'
NM='/usr/bin/nm -B'
NMEDIT=''
OBJDUMP='objdump'
OBJEXT='o'
OTOOL64=''
OTOOL=''
PACKAGE='openbts'
PACKAGE_BUGREPORT=''
PACKAGE_NAME='openbts'
PACKAGE_STRING='openbts P2.8TRUNK'
PACKAGE_TARNAME='openbts'
PACKAGE_URL=''
PACKAGE_VERSION='P2.8TRUNK'
PATH_SEPARATOR=':'
PKG_CONFIG='/usr/bin/pkg-config'
PKG_CONFIG_LIBDIR=''
PKG_CONFIG_PATH=''
RANLIB='ranlib'
RM_PROG='/bin/rm'
SED='/bin/sed'
SET_MAKE=''
SHELL='/bin/bash'
SIMD_FLAGS=''
STRIP='strip'
UHD_CFLAGS='-I/usr/local/include  '
UHD_LIBS='-L/usr/local/lib -luhd  '
USRP1_FALSE=''
USRP1_TRUE='#'
USRP_CFLAGS=''
USRP_LIBS=''
VERSION='P2.8TRUNK'
ac_ct_AR='ar'
ac_ct_CC='gcc'
ac_ct_CXX='g++'
ac_ct_DUMPBIN=''
am__EXEEXT_FALSE=''
am__EXEEXT_TRUE='#'
am__fastdepCCAS_FALSE='#'
am__fastdepCCAS_TRUE=''
am__fastdepCC_FALSE='#'
am__fastdepCC_TRUE=''
am__fastdepCXX_FALSE='#'
am__fastdepCXX_TRUE=''
am__include='include'
am__isrc=''
am__leading_dot='.'
am__nodep='_no'
am__quote=''
am__tar='$${TAR-tar} chof - "$$tardir"'
am__untar='$${TAR-tar} xf -'
bindir='${exec_prefix}/bin'
build='armv7l-unknown-linux-gnueabihf'
build_alias=''
build_cpu='armv7l'
build_os='linux-gnueabihf'
build_vendor='unknown'
datadir='${datarootdir}'
datarootdir='${prefix}/share'
docdir='${datarootdir}/doc/${PACKAGE_TARNAME}'
dvidir='${docdir}'
exec_prefix='${prefix}'
host='armv7l-unknown-linux-gnueabihf'
host_alias=''
host_cpu='armv7l'
host_os='linux-gnueabihf'
host_vendor='unknown'
htmldir='${docdir}'
includedir='${prefix}/include'
infodir='${datarootdir}/info'
install_sh='${SHELL} /home/ubuntu/osmo-trx/install-sh'
libdir='${exec_prefix}/lib'
libexecdir='${exec_prefix}/libexec'
localedir='${datarootdir}/locale'
localstatedir='${prefix}/var'
mandir='${datarootdir}/man'
mkdir_p='/bin/mkdir -p'
oldincludedir='/usr/include'
pdfdir='${docdir}'
prefix='/usr/local'
program_transform_name='s,x,x,'
psdir='${docdir}'
sbindir='${exec_prefix}/sbin'
sharedstatedir='${prefix}/com'
sysconfdir='${prefix}/etc'
target='armv7l-unknown-linux-gnueabihf'
target_alias=''
target_cpu='armv7l'
target_os='linux-gnueabihf'
target_vendor='unknown'

## ----------- ##
## confdefs.h. ##
## ----------- ##

/* confdefs.h */
#define PACKAGE_NAME "openbts"
#define PACKAGE_TARNAME "openbts"
#define PACKAGE_VERSION "P2.8TRUNK"
#define PACKAGE_STRING "openbts P2.8TRUNK"
#define PACKAGE_BUGREPORT ""
#define PACKAGE_URL ""
#define PACKAGE "openbts"
#define VERSION "P2.8TRUNK"
#define STDC_HEADERS 1
#define HAVE_SYS_TYPES_H 1
#define HAVE_SYS_STAT_H 1
#define HAVE_STDLIB_H 1
#define HAVE_STRING_H 1
#define HAVE_MEMORY_H 1
#define HAVE_STRINGS_H 1
#define HAVE_INTTYPES_H 1
#define HAVE_STDINT_H 1
#define HAVE_UNISTD_H 1
#define HAVE_DLFCN_H 1
#define LT_OBJDIR ".libs/"
#define STDC_HEADERS 1
#define HAVE_BYTESWAP_H 1
#define TIME_WITH_SYS_TIME 1
#define HAVE_NEON 1
#define USE_UHD 1

configure: exit 0
