This file contains any messages produced by compilers while
running configure, to aid debugging if configure makes a mistake.

It was created by smqueue configure TRUNK, which was
generated by GNU Autoconf 2.68.  Invocation command line was

  $ ./configure 

## --------- ##
## Platform. ##
## --------- ##

hostname = ubuntu-armhf
uname -m = armv7l
uname -r = 3.8.13-bone30
uname -s = Linux
uname -v = #1 SMP Thu Nov 14 11:19:20 UTC 2013

/usr/bin/uname -p = unknown
/bin/uname -X     = unknown

/bin/arch              = unknown
/usr/bin/arch -k       = unknown
/usr/convex/getsysinfo = unknown
/usr/bin/hostinfo      = unknown
/bin/machine           = unknown
/usr/bin/oslevel       = unknown
/bin/universe          = unknown

PATH: /usr/local/sbin
PATH: /usr/local/bin
PATH: /usr/sbin
PATH: /usr/bin
PATH: /sbin
PATH: /bin
PATH: /usr/games


## ----------- ##
## Core tests. ##
## ----------- ##

configure:2431: checking build system type
configure:2445: result: armv7l-unknown-linux-gnueabihf
configure:2465: checking host system type
configure:2478: result: armv7l-unknown-linux-gnueabihf
configure:2498: checking target system type
configure:2511: result: armv7l-unknown-linux-gnueabihf
configure:2554: checking for a BSD-compatible install
configure:2622: result: /usr/bin/install -c
configure:2633: checking whether build environment is sane
configure:2683: result: yes
configure:2824: checking for a thread-safe mkdir -p
configure:2863: result: /bin/mkdir -p
configure:2876: checking for gawk
configure:2906: result: no
configure:2876: checking for mawk
configure:2892: found /usr/bin/mawk
configure:2903: result: mawk
configure:2914: checking whether make sets $(MAKE)
configure:2936: result: yes
configure:3029: checking for style of include used by make
configure:3057: result: GNU
configure:3128: checking for gcc
configure:3144: found /usr/bin/gcc
configure:3155: result: gcc
configure:3384: checking for C compiler version
configure:3393: gcc --version >&5
gcc (Ubuntu/Linaro 4.6.3-1ubuntu5) 4.6.3
Copyright (C) 2011 Free Software Foundation, Inc.
This is free software; see the source for copying conditions.  There is NO
warranty; not even for MERCHANTABILITY or FITNESS FOR A PARTICULAR PURPOSE.

configure:3404: $? = 0
configure:3393: gcc -v >&5
Using built-in specs.
COLLECT_GCC=gcc
COLLECT_LTO_WRAPPER=/usr/lib/gcc/arm-linux-gnueabihf/4.6/lto-wrapper
Target: arm-linux-gnueabihf
Configured with: ../src/configure -v --with-pkgversion='Ubuntu/Linaro 4.6.3-1ubuntu5' --with-bugurl=file:///usr/share/doc/gcc-4.6/README.Bugs --enable-languages=c,c++,fortran,objc,obj-c++ --prefix=/usr --program-suffix=-4.6 --enable-shared --enable-linker-build-id --with-system-zlib --libexecdir=/usr/lib --without-included-gettext --enable-threads=posix --with-gxx-include-dir=/usr/include/c++/4.6 --libdir=/usr/lib --enable-nls --with-sysroot=/ --enable-clocale=gnu --enable-libstdcxx-debug --enable-libstdcxx-time=yes --enable-gnu-unique-object --enable-plugin --enable-objc-gc --enable-multilib --disable-sjlj-exceptions --with-arch=armv7-a --with-float=hard --with-fpu=vfpv3-d16 --with-mode=thumb --disable-werror --enable-checking=release --build=arm-linux-gnueabihf --host=arm-linux-gnueabihf --target=arm-linux-gnueabihf
Thread model: posix
gcc version 4.6.3 (Ubuntu/Linaro 4.6.3-1ubuntu5) 
configure:3404: $? = 0
configure:3393: gcc -V >&5
gcc: fatal error: no input files
compilation terminated.
configure:3404: $? = 4
configure:3393: gcc -qversion >&5
gcc: fatal error: no input files
compilation terminated.
configure:3404: $? = 4
configure:3424: checking whether the C compiler works
configure:3446: gcc    conftest.c  >&5
configure:3450: $? = 0
configure:3498: result: yes
configure:3501: checking for C compiler default output file name
configure:3503: result: a.out
configure:3509: checking for suffix of executables
configure:3516: gcc -o conftest    conftest.c  >&5
configure:3520: $? = 0
configure:3542: result: 
configure:3564: checking whether we are cross compiling
configure:3572: gcc -o conftest    conftest.c  >&5
configure:3576: $? = 0
configure:3583: ./conftest
configure:3587: $? = 0
configure:3602: result: no
configure:3607: checking for suffix of object files
configure:3629: gcc -c   conftest.c >&5
configure:3633: $? = 0
configure:3654: result: o
configure:3658: checking whether we are using the GNU C compiler
configure:3677: gcc -c   conftest.c >&5
configure:3677: $? = 0
configure:3686: result: yes
configure:3695: checking whether gcc accepts -g
configure:3715: gcc -c -g  conftest.c >&5
configure:3715: $? = 0
configure:3756: result: yes
configure:3773: checking for gcc option to accept ISO C89
configure:3837: gcc  -c -g -O2  conftest.c >&5
configure:3837: $? = 0
configure:3850: result: none needed
configure:3872: checking dependency style of gcc
configure:3983: result: gcc3
configure:4007: checking dependency style of gcc
configure:4116: result: gcc3
configure:4189: checking for g++
configure:4205: found /usr/bin/g++
configure:4216: result: g++
configure:4243: checking for C++ compiler version
configure:4252: g++ --version >&5
g++ (Ubuntu/Linaro 4.6.3-1ubuntu5) 4.6.3
Copyright (C) 2011 Free Software Foundation, Inc.
This is free software; see the source for copying conditions.  There is NO
warranty; not even for MERCHANTABILITY or FITNESS FOR A PARTICULAR PURPOSE.

configure:4263: $? = 0
configure:4252: g++ -v >&5
Using built-in specs.
COLLECT_GCC=g++
COLLECT_LTO_WRAPPER=/usr/lib/gcc/arm-linux-gnueabihf/4.6/lto-wrapper
Target: arm-linux-gnueabihf
Configured with: ../src/configure -v --with-pkgversion='Ubuntu/Linaro 4.6.3-1ubuntu5' --with-bugurl=file:///usr/share/doc/gcc-4.6/README.Bugs --enable-languages=c,c++,fortran,objc,obj-c++ --prefix=/usr --program-suffix=-4.6 --enable-shared --enable-linker-build-id --with-system-zlib --libexecdir=/usr/lib --without-included-gettext --enable-threads=posix --with-gxx-include-dir=/usr/include/c++/4.6 --libdir=/usr/lib --enable-nls --with-sysroot=/ --enable-clocale=gnu --enable-libstdcxx-debug --enable-libstdcxx-time=yes --enable-gnu-unique-object --enable-plugin --enable-objc-gc --enable-multilib --disable-sjlj-exceptions --with-arch=armv7-a --with-float=hard --with-fpu=vfpv3-d16 --with-mode=thumb --disable-werror --enable-checking=release --build=arm-linux-gnueabihf --host=arm-linux-gnueabihf --target=arm-linux-gnueabihf
Thread model: posix
gcc version 4.6.3 (Ubuntu/Linaro 4.6.3-1ubuntu5) 
configure:4263: $? = 0
configure:4252: g++ -V >&5
g++: fatal error: no input files
compilation terminated.
configure:4263: $? = 4
configure:4252: g++ -qversion >&5
g++: fatal error: no input files
compilation terminated.
configure:4263: $? = 4
configure:4267: checking whether we are using the GNU C++ compiler
configure:4286: g++ -c   conftest.cpp >&5
configure:4286: $? = 0
configure:4295: result: yes
configure:4304: checking whether g++ accepts -g
configure:4324: g++ -c -g  conftest.cpp >&5
configure:4324: $? = 0
configure:4365: result: yes
configure:4390: checking dependency style of g++
configure:4501: result: gcc3
configure:4516: checking whether ln -s works
configure:4520: result: yes
configure:4527: checking whether make sets $(MAKE)
configure:4549: result: yes
configure:4561: checking for rm
configure:4579: found /bin/rm
configure:4591: result: /bin/rm
configure:5009: checking how to print strings
configure:5036: result: printf
configure:5057: checking for a sed that does not truncate output
configure:5121: result: /bin/sed
configure:5139: checking for grep that handles long lines and -e
configure:5197: result: /bin/grep
configure:5202: checking for egrep
configure:5264: result: /bin/grep -E
configure:5269: checking for fgrep
configure:5331: result: /bin/grep -F
configure:5366: checking for ld used by gcc
configure:5433: result: /usr/bin/ld
configure:5440: checking if the linker (/usr/bin/ld) is GNU ld
configure:5455: result: yes
configure:5467: checking for BSD- or MS-compatible name lister (nm)
configure:5516: result: /usr/bin/nm -B
configure:5646: checking the name lister (/usr/bin/nm -B) interface
configure:5653: gcc -c -g -O2  conftest.c >&5
configure:5656: /usr/bin/nm -B "conftest.o"
configure:5659: output
00000000 B some_variable
configure:5666: result: BSD nm
configure:5670: checking the maximum length of command line arguments
configure:5800: result: 1572864
configure:5817: checking whether the shell understands some XSI constructs
configure:5827: result: yes
configure:5831: checking whether the shell understands "+="
configure:5837: result: yes
configure:5872: checking how to convert armv7l-unknown-linux-gnueabihf file names to armv7l-unknown-linux-gnueabihf format
configure:5912: result: func_convert_file_noop
configure:5919: checking how to convert armv7l-unknown-linux-gnueabihf file names to toolchain format
configure:5939: result: func_convert_file_noop
configure:5946: checking for /usr/bin/ld option to reload object files
configure:5953: result: -r
configure:6027: checking for objdump
configure:6054: result: objdump
configure:6083: checking how to recognize dependent libraries
configure:6285: result: pass_all
configure:6370: checking for dlltool
configure:6397: result: dlltool
configure:6427: checking how to associate runtime and link libraries
configure:6454: result: printf %s\n
configure:6515: checking for ar
configure:6531: found /usr/bin/ar
configure:6542: result: ar
configure:6579: checking for archiver @FILE support
configure:6596: gcc -c -g -O2  conftest.c >&5
configure:6596: $? = 0
configure:6599: ar cru libconftest.a @conftest.lst >&5
configure:6602: $? = 0
configure:6607: ar cru libconftest.a @conftest.lst >&5
ar: conftest.o: No such file or directory
configure:6610: $? = 1
configure:6622: result: @
configure:6680: checking for strip
configure:6696: found /usr/bin/strip
configure:6707: result: strip
configure:6779: checking for ranlib
configure:6795: found /usr/bin/ranlib
configure:6806: result: ranlib
configure:6908: checking command to parse /usr/bin/nm -B output from gcc object
configure:7028: gcc -c -g -O2  conftest.c >&5
configure:7031: $? = 0
configure:7035: /usr/bin/nm -B conftest.o \| sed -n -e 's/^.*[ ]\([ABCDGIRSTW][ABCDGIRSTW]*\)[ ][ ]*\([_A-Za-z][_A-Za-z0-9]*\)$/\1 \2 \2/p' | sed '/ __gnu_lto/d' \> conftest.nm
configure:7038: $? = 0
configure:7104: gcc -o conftest -g -O2   conftest.c conftstm.o >&5
configure:7107: $? = 0
configure:7145: result: ok
configure:7182: checking for sysroot
configure:7212: result: no
configure:7468: checking for mt
configure:7484: found /bin/mt
configure:7495: result: mt
configure:7518: checking if mt is a manifest tool
configure:7524: mt '-?'
configure:7532: result: no
configure:8174: checking how to run the C preprocessor
configure:8205: gcc -E  conftest.c
configure:8205: $? = 0
configure:8219: gcc -E  conftest.c
conftest.c:11:28: fatal error: ac_nonexistent.h: No such file or directory
compilation terminated.
configure:8219: $? = 1
configure: failed program was:
| /* confdefs.h */
| #define PACKAGE_NAME "smqueue"
| #define PACKAGE_TARNAME "smqueue"
| #define PACKAGE_VERSION "TRUNK"
| #define PACKAGE_STRING "smqueue TRUNK"
| #define PACKAGE_BUGREPORT ""
| #define PACKAGE_URL ""
| #define PACKAGE "smqueue"
| #define VERSION "TRUNK"
| /* end confdefs.h.  */
| #include <ac_nonexistent.h>
configure:8244: result: gcc -E
configure:8264: gcc -E  conftest.c
configure:8264: $? = 0
configure:8278: gcc -E  conftest.c
conftest.c:11:28: fatal error: ac_nonexistent.h: No such file or directory
compilation terminated.
configure:8278: $? = 1
configure: failed program was:
| /* confdefs.h */
| #define PACKAGE_NAME "smqueue"
| #define PACKAGE_TARNAME "smqueue"
| #define PACKAGE_VERSION "TRUNK"
| #define PACKAGE_STRING "smqueue TRUNK"
| #define PACKAGE_BUGREPORT ""
| #define PACKAGE_URL ""
| #define PACKAGE "smqueue"
| #define VERSION "TRUNK"
| /* end confdefs.h.  */
| #include <ac_nonexistent.h>
configure:8307: checking for ANSI C header files
configure:8327: gcc -c -g -O2  conftest.c >&5
configure:8327: $? = 0
configure:8400: gcc -o conftest -g -O2   conftest.c  >&5
configure:8400: $? = 0
configure:8400: ./conftest
configure:8400: $? = 0
configure:8411: result: yes
configure:8424: checking for sys/types.h
configure:8424: gcc -c -g -O2  conftest.c >&5
configure:8424: $? = 0
configure:8424: result: yes
configure:8424: checking for sys/stat.h
configure:8424: gcc -c -g -O2  conftest.c >&5
configure:8424: $? = 0
configure:8424: result: yes
configure:8424: checking for stdlib.h
configure:8424: gcc -c -g -O2  conftest.c >&5
configure:8424: $? = 0
configure:8424: result: yes
configure:8424: checking for string.h
configure:8424: gcc -c -g -O2  conftest.c >&5
configure:8424: $? = 0
configure:8424: result: yes
configure:8424: checking for memory.h
configure:8424: gcc -c -g -O2  conftest.c >&5
configure:8424: $? = 0
configure:8424: result: yes
configure:8424: checking for strings.h
configure:8424: gcc -c -g -O2  conftest.c >&5
configure:8424: $? = 0
configure:8424: result: yes
configure:8424: checking for inttypes.h
configure:8424: gcc -c -g -O2  conftest.c >&5
configure:8424: $? = 0
configure:8424: result: yes
configure:8424: checking for stdint.h
configure:8424: gcc -c -g -O2  conftest.c >&5
configure:8424: $? = 0
configure:8424: result: yes
configure:8424: checking for unistd.h
configure:8424: gcc -c -g -O2  conftest.c >&5
configure:8424: $? = 0
configure:8424: result: yes
configure:8438: checking for dlfcn.h
configure:8438: gcc -c -g -O2  conftest.c >&5
configure:8438: $? = 0
configure:8438: result: yes
configure:8593: checking for objdir
configure:8608: result: .libs
configure:8875: checking if gcc supports -fno-rtti -fno-exceptions
configure:8893: gcc -c -g -O2  -fno-rtti -fno-exceptions conftest.c >&5
cc1: warning: command line option '-fno-rtti' is valid for C++/ObjC++ but not for C [enabled by default]
configure:8897: $? = 0
configure:8910: result: no
configure:9237: checking for gcc option to produce PIC
configure:9244: result: -fPIC -DPIC
configure:9252: checking if gcc PIC flag -fPIC -DPIC works
configure:9270: gcc -c -g -O2  -fPIC -DPIC -DPIC conftest.c >&5
configure:9274: $? = 0
configure:9287: result: yes
configure:9316: checking if gcc static flag -static works
configure:9344: result: yes
configure:9359: checking if gcc supports -c -o file.o
configure:9380: gcc -c -g -O2  -o out/conftest2.o conftest.c >&5
configure:9384: $? = 0
configure:9406: result: yes
configure:9414: checking if gcc supports -c -o file.o
configure:9461: result: yes
configure:9494: checking whether the gcc linker (/usr/bin/ld) supports shared libraries
configure:10651: result: yes
configure:10688: checking whether -lc should be explicitly linked in
configure:10696: gcc -c -g -O2  conftest.c >&5
configure:10699: $? = 0
configure:10714: gcc -shared  -fPIC -DPIC conftest.o  -v -Wl,-soname -Wl,conftest -o conftest 2\>\&1 \| /bin/grep  -lc  \>/dev/null 2\>\&1
configure:10717: $? = 0
configure:10731: result: no
configure:10891: checking dynamic linker characteristics
configure:11402: gcc -o conftest -g -O2   -Wl,-rpath -Wl,/foo conftest.c  >&5
configure:11402: $? = 0
configure:11636: result: GNU/Linux ld.so
configure:11743: checking how to hardcode library paths into programs
configure:11768: result: immediate
configure:12308: checking whether stripping libraries is possible
configure:12313: result: yes
configure:12348: checking if libtool supports shared libraries
configure:12350: result: yes
configure:12353: checking whether to build shared libraries
configure:12374: result: yes
configure:12377: checking whether to build static libraries
configure:12381: result: no
configure:12404: checking how to run the C++ preprocessor
configure:12431: g++ -E  conftest.cpp
configure:12431: $? = 0
configure:12445: g++ -E  conftest.cpp
conftest.cpp:23:28: fatal error: ac_nonexistent.h: No such file or directory
compilation terminated.
configure:12445: $? = 1
configure: failed program was:
| /* confdefs.h */
| #define PACKAGE_NAME "smqueue"
| #define PACKAGE_TARNAME "smqueue"
| #define PACKAGE_VERSION "TRUNK"
| #define PACKAGE_STRING "smqueue TRUNK"
| #define PACKAGE_BUGREPORT ""
| #define PACKAGE_URL ""
| #define PACKAGE "smqueue"
| #define VERSION "TRUNK"
| #define STDC_HEADERS 1
| #define HAVE_SYS_TYPES_H 1
| #define HAVE_SYS_STAT_H 1
| #define HAVE_STDLIB_H 1
| #define HAVE_STRING_H 1
| #define HAVE_MEMORY_H 1
| #define HAVE_STRINGS_H 1
| #define HAVE_INTTYPES_H 1
| #define HAVE_STDINT_H 1
| #define HAVE_UNISTD_H 1
| #define HAVE_DLFCN_H 1
| #define LT_OBJDIR ".libs/"
| /* end confdefs.h.  */
| #include <ac_nonexistent.h>
configure:12470: result: g++ -E
configure:12490: g++ -E  conftest.cpp
configure:12490: $? = 0
configure:12504: g++ -E  conftest.cpp
conftest.cpp:23:28: fatal error: ac_nonexistent.h: No such file or directory
compilation terminated.
configure:12504: $? = 1
configure: failed program was:
| /* confdefs.h */
| #define PACKAGE_NAME "smqueue"
| #define PACKAGE_TARNAME "smqueue"
| #define PACKAGE_VERSION "TRUNK"
| #define PACKAGE_STRING "smqueue TRUNK"
| #define PACKAGE_BUGREPORT ""
| #define PACKAGE_URL ""
| #define PACKAGE "smqueue"
| #define VERSION "TRUNK"
| #define STDC_HEADERS 1
| #define HAVE_SYS_TYPES_H 1
| #define HAVE_SYS_STAT_H 1
| #define HAVE_STDLIB_H 1
| #define HAVE_STRING_H 1
| #define HAVE_MEMORY_H 1
| #define HAVE_STRINGS_H 1
| #define HAVE_INTTYPES_H 1
| #define HAVE_STDINT_H 1
| #define HAVE_UNISTD_H 1
| #define HAVE_DLFCN_H 1
| #define LT_OBJDIR ".libs/"
| /* end confdefs.h.  */
| #include <ac_nonexistent.h>
configure:12673: checking for ld used by g++
configure:12740: result: /usr/bin/ld
configure:12747: checking if the linker (/usr/bin/ld) is GNU ld
configure:12762: result: yes
configure:12817: checking whether the g++ linker (/usr/bin/ld) supports shared libraries
configure:13822: result: yes
configure:13858: g++ -c -g -O2  conftest.cpp >&5
configure:13861: $? = 0
configure:14381: checking for g++ option to produce PIC
configure:14388: result: -fPIC -DPIC
configure:14396: checking if g++ PIC flag -fPIC -DPIC works
configure:14414: g++ -c -g -O2  -fPIC -DPIC -DPIC conftest.cpp >&5
configure:14418: $? = 0
configure:14431: result: yes
configure:14454: checking if g++ static flag -static works
configure:14482: result: yes
configure:14494: checking if g++ supports -c -o file.o
configure:14515: g++ -c -g -O2  -o out/conftest2.o conftest.cpp >&5
configure:14519: $? = 0
configure:14541: result: yes
configure:14546: checking if g++ supports -c -o file.o
configure:14593: result: yes
configure:14623: checking whether the g++ linker (/usr/bin/ld) supports shared libraries
configure:14662: result: yes
configure:14803: checking dynamic linker characteristics
configure:15482: result: GNU/Linux ld.so
configure:15535: checking how to hardcode library paths into programs
configure:15560: result: immediate
configure:15622: checking for ANSI C header files
configure:15726: result: yes
configure:15736: checking byteswap.h usability
configure:15736: gcc -c -g -O2  conftest.c >&5
configure:15736: $? = 0
configure:15736: result: yes
configure:15736: checking byteswap.h presence
configure:15736: gcc -E  conftest.c
configure:15736: $? = 0
configure:15736: result: yes
configure:15736: checking for byteswap.h
configure:15736: result: yes
configure:15747: checking for an ANSI C-conforming const
configure:15812: gcc -c -g -O2  conftest.c >&5
configure:15812: $? = 0
configure:15819: result: yes
configure:15827: checking for inline
configure:15843: gcc -c -g -O2  conftest.c >&5
configure:15843: $? = 0
configure:15851: result: inline
configure:15869: checking for size_t
configure:15869: gcc -c -g -O2  conftest.c >&5
configure:15869: $? = 0
configure:15869: gcc -c -g -O2  conftest.c >&5
conftest.c: In function 'main':
conftest.c:61:21: error: expected expression before ')' token
configure:15869: $? = 1
configure: failed program was:
| /* confdefs.h */
| #define PACKAGE_NAME "smqueue"
| #define PACKAGE_TARNAME "smqueue"
| #define PACKAGE_VERSION "TRUNK"
| #define PACKAGE_STRING "smqueue TRUNK"
| #define PACKAGE_BUGREPORT ""
| #define PACKAGE_URL ""
| #define PACKAGE "smqueue"
| #define VERSION "TRUNK"
| #define STDC_HEADERS 1
| #define HAVE_SYS_TYPES_H 1
| #define HAVE_SYS_STAT_H 1
| #define HAVE_STDLIB_H 1
| #define HAVE_STRING_H 1
| #define HAVE_MEMORY_H 1
| #define HAVE_STRINGS_H 1
| #define HAVE_INTTYPES_H 1
| #define HAVE_STDINT_H 1
| #define HAVE_UNISTD_H 1
| #define HAVE_DLFCN_H 1
| #define LT_OBJDIR ".libs/"
| #define STDC_HEADERS 1
| #define HAVE_BYTESWAP_H 1
| /* end confdefs.h.  */
| #include <stdio.h>
| #ifdef HAVE_SYS_TYPES_H
| # include <sys/types.h>
| #endif
| #ifdef HAVE_SYS_STAT_H
| # include <sys/stat.h>
| #endif
| #ifdef STDC_HEADERS
| # include <stdlib.h>
| # include <stddef.h>
| #else
| # ifdef HAVE_STDLIB_H
| #  include <stdlib.h>
| # endif
| #endif
| #ifdef HAVE_STRING_H
| # if !defined STDC_HEADERS && defined HAVE_MEMORY_H
| #  include <memory.h>
| # endif
| # include <string.h>
| #endif
| #ifdef HAVE_STRINGS_H
| # include <strings.h>
| #endif
| #ifdef HAVE_INTTYPES_H
| # include <inttypes.h>
| #endif
| #ifdef HAVE_STDINT_H
| # include <stdint.h>
| #endif
| #ifdef HAVE_UNISTD_H
| # include <unistd.h>
| #endif
| int
| main ()
| {
| if (sizeof ((size_t)))
| 	    return 0;
|   ;
|   return 0;
| }
configure:15869: result: yes
configure:15880: checking whether time.h and sys/time.h may both be included
configure:15900: gcc -c -g -O2  conftest.c >&5
configure:15900: $? = 0
configure:15907: result: yes
configure:15915: checking whether byte ordering is bigendian
configure:15930: gcc -c -g -O2  conftest.c >&5
conftest.c:27:9: error: unknown type name 'not'
conftest.c:27:15: error: expected '=', ',', ';', 'asm' or '__attribute__' before 'universal'
conftest.c:27:15: error: unknown type name 'universal'
configure:15930: $? = 1
configure: failed program was:
| /* confdefs.h */
| #define PACKAGE_NAME "smqueue"
| #define PACKAGE_TARNAME "smqueue"
| #define PACKAGE_VERSION "TRUNK"
| #define PACKAGE_STRING "smqueue TRUNK"
| #define PACKAGE_BUGREPORT ""
| #define PACKAGE_URL ""
| #define PACKAGE "smqueue"
| #define VERSION "TRUNK"
| #define STDC_HEADERS 1
| #define HAVE_SYS_TYPES_H 1
| #define HAVE_SYS_STAT_H 1
| #define HAVE_STDLIB_H 1
| #define HAVE_STRING_H 1
| #define HAVE_MEMORY_H 1
| #define HAVE_STRINGS_H 1
| #define HAVE_INTTYPES_H 1
| #define HAVE_STDINT_H 1
| #define HAVE_UNISTD_H 1
| #define HAVE_DLFCN_H 1
| #define LT_OBJDIR ".libs/"
| #define STDC_HEADERS 1
| #define HAVE_BYTESWAP_H 1
| #define TIME_WITH_SYS_TIME 1
| /* end confdefs.h.  */
| #ifndef __APPLE_CC__
| 	       not a universal capable compiler
| 	     #endif
| 	     typedef int dummy;
| 
configure:15975: gcc -c -g -O2  conftest.c >&5
configure:15975: $? = 0
configure:15993: gcc -c -g -O2  conftest.c >&5
conftest.c: In function 'main':
conftest.c:33:4: error: unknown type name 'not'
conftest.c:33:12: error: expected '=', ',', ';', 'asm' or '__attribute__' before 'endian'
configure:15993: $? = 1
configure: failed program was:
| /* confdefs.h */
| #define PACKAGE_NAME "smqueue"
| #define PACKAGE_TARNAME "smqueue"
| #define PACKAGE_VERSION "TRUNK"
| #define PACKAGE_STRING "smqueue TRUNK"
| #define PACKAGE_BUGREPORT ""
| #define PACKAGE_URL ""
| #define PACKAGE "smqueue"
| #define VERSION "TRUNK"
| #define STDC_HEADERS 1
| #define HAVE_SYS_TYPES_H 1
| #define HAVE_SYS_STAT_H 1
| #define HAVE_STDLIB_H 1
| #define HAVE_STRING_H 1
| #define HAVE_MEMORY_H 1
| #define HAVE_STRINGS_H 1
| #define HAVE_INTTYPES_H 1
| #define HAVE_STDINT_H 1
| #define HAVE_UNISTD_H 1
| #define HAVE_DLFCN_H 1
| #define LT_OBJDIR ".libs/"
| #define STDC_HEADERS 1
| #define HAVE_BYTESWAP_H 1
| #define TIME_WITH_SYS_TIME 1
| /* end confdefs.h.  */
| #include <sys/types.h>
| 		#include <sys/param.h>
| 
| int
| main ()
| {
| #if BYTE_ORDER != BIG_ENDIAN
| 		 not big endian
| 		#endif
| 
|   ;
|   return 0;
| }
configure:16121: result: no
configure:16196: checking for pkg-config
configure:16214: found /usr/bin/pkg-config
configure:16226: result: /usr/bin/pkg-config
configure:16251: checking pkg-config is at least version 0.9.0
configure:16254: result: yes
configure:16264: checking for OSIP
configure:16271: $PKG_CONFIG --exists --print-errors "libosip2"
configure:16274: $? = 0
configure:16288: $PKG_CONFIG --exists --print-errors "libosip2"
configure:16291: $? = 0
configure:16349: result: yes
configure:16355: checking for gethostbyname_r
configure:16355: gcc -o conftest -g -O2   conftest.c  >&5
configure:16355: $? = 0
configure:16355: result: yes
configure:16362: checking for gethostbyname2_r
configure:16362: gcc -o conftest -g -O2   conftest.c  >&5
configure:16362: $? = 0
configure:16362: result: yes
configure:16512: creating ./config.status

## ---------------------- ##
## Running config.status. ##
## ---------------------- ##

This file was extended by smqueue config.status TRUNK, which was
generated by GNU Autoconf 2.68.  Invocation command line was

  CONFIG_FILES    = 
  CONFIG_HEADERS  = 
  CONFIG_LINKS    = 
  CONFIG_COMMANDS = 
  $ ./config.status 

on ubuntu-armhf

config.status:1184: creating Makefile
config.status:1184: creating config/Makefile
config.status:1184: creating doc/Makefile
config.status:1184: creating tools/Makefile
config.status:1184: creating CommonLibs/Makefile
config.status:1184: creating Globals/Makefile
config.status:1184: creating GSM/Makefile
config.status:1184: creating SMS/Makefile
config.status:1184: creating SR/Makefile
config.status:1184: creating sqlite3/Makefile
config.status:1184: creating smqueue/Makefile
config.status:1184: creating testing/Makefile
config.status:1184: creating config.h
config.status:1413: executing depfiles commands
config.status:1413: executing libtool commands

## ---------------- ##
## Cache variables. ##
## ---------------- ##

ac_cv_build=armv7l-unknown-linux-gnueabihf
ac_cv_c_bigendian=no
ac_cv_c_compiler_gnu=yes
ac_cv_c_const=yes
ac_cv_c_inline=inline
ac_cv_cxx_compiler_gnu=yes
ac_cv_env_CCASFLAGS_set=
ac_cv_env_CCASFLAGS_value=
ac_cv_env_CCAS_set=
ac_cv_env_CCAS_value=
ac_cv_env_CCC_set=
ac_cv_env_CCC_value=
ac_cv_env_CC_set=
ac_cv_env_CC_value=
ac_cv_env_CFLAGS_set=
ac_cv_env_CFLAGS_value=
ac_cv_env_CPPFLAGS_set=
ac_cv_env_CPPFLAGS_value=
ac_cv_env_CPP_set=
ac_cv_env_CPP_value=
ac_cv_env_CXXCPP_set=
ac_cv_env_CXXCPP_value=
ac_cv_env_CXXFLAGS_set=
ac_cv_env_CXXFLAGS_value=
ac_cv_env_CXX_set=
ac_cv_env_CXX_value=
ac_cv_env_LDFLAGS_set=
ac_cv_env_LDFLAGS_value=
ac_cv_env_LIBS_set=
ac_cv_env_LIBS_value=
ac_cv_env_OSIP_CFLAGS_set=
ac_cv_env_OSIP_CFLAGS_value=
ac_cv_env_OSIP_LIBS_set=
ac_cv_env_OSIP_LIBS_value=
ac_cv_env_PKG_CONFIG_LIBDIR_set=
ac_cv_env_PKG_CONFIG_LIBDIR_value=
ac_cv_env_PKG_CONFIG_PATH_set=
ac_cv_env_PKG_CONFIG_PATH_value=
ac_cv_env_PKG_CONFIG_set=
ac_cv_env_PKG_CONFIG_value=
ac_cv_env_build_alias_set=
ac_cv_env_build_alias_value=
ac_cv_env_host_alias_set=
ac_cv_env_host_alias_value=
ac_cv_env_target_alias_set=
ac_cv_env_target_alias_value=
ac_cv_func_gethostbyname2_r=yes
ac_cv_func_gethostbyname_r=yes
ac_cv_header_byteswap_h=yes
ac_cv_header_dlfcn_h=yes
ac_cv_header_inttypes_h=yes
ac_cv_header_memory_h=yes
ac_cv_header_stdc=yes
ac_cv_header_stdint_h=yes
ac_cv_header_stdlib_h=yes
ac_cv_header_string_h=yes
ac_cv_header_strings_h=yes
ac_cv_header_sys_stat_h=yes
ac_cv_header_sys_types_h=yes
ac_cv_header_time=yes
ac_cv_header_unistd_h=yes
ac_cv_host=armv7l-unknown-linux-gnueabihf
ac_cv_objext=o
ac_cv_path_EGREP='/bin/grep -E'
ac_cv_path_FGREP='/bin/grep -F'
ac_cv_path_GREP=/bin/grep
ac_cv_path_RM_PROG=/bin/rm
ac_cv_path_SED=/bin/sed
ac_cv_path_ac_pt_PKG_CONFIG=/usr/bin/pkg-config
ac_cv_path_install='/usr/bin/install -c'
ac_cv_path_mkdir=/bin/mkdir
ac_cv_prog_AWK=mawk
ac_cv_prog_CPP='gcc -E'
ac_cv_prog_CXXCPP='g++ -E'
ac_cv_prog_ac_ct_AR=ar
ac_cv_prog_ac_ct_CC=gcc
ac_cv_prog_ac_ct_CXX=g++
ac_cv_prog_ac_ct_DLLTOOL=dlltool
ac_cv_prog_ac_ct_MANIFEST_TOOL=mt
ac_cv_prog_ac_ct_OBJDUMP=objdump
ac_cv_prog_ac_ct_RANLIB=ranlib
ac_cv_prog_ac_ct_STRIP=strip
ac_cv_prog_cc_c89=
ac_cv_prog_cc_g=yes
ac_cv_prog_cxx_g=yes
ac_cv_prog_make_make_set=yes
ac_cv_target=armv7l-unknown-linux-gnueabihf
ac_cv_type_size_t=yes
am_cv_CCAS_dependencies_compiler_type=gcc3
am_cv_CC_dependencies_compiler_type=gcc3
am_cv_CXX_dependencies_compiler_type=gcc3
lt_cv_ar_at_file=@
lt_cv_archive_cmds_need_lc=no
lt_cv_deplibs_check_method=pass_all
lt_cv_file_magic_cmd='$MAGIC_CMD'
lt_cv_file_magic_test_file=
lt_cv_ld_reload_flag=-r
lt_cv_nm_interface='BSD nm'
lt_cv_objdir=.libs
lt_cv_path_LD=/usr/bin/ld
lt_cv_path_LDCXX=/usr/bin/ld
lt_cv_path_NM='/usr/bin/nm -B'
lt_cv_path_mainfest_tool=no
lt_cv_prog_compiler_c_o=yes
lt_cv_prog_compiler_c_o_CXX=yes
lt_cv_prog_compiler_pic='-fPIC -DPIC'
lt_cv_prog_compiler_pic_CXX='-fPIC -DPIC'
lt_cv_prog_compiler_pic_works=yes
lt_cv_prog_compiler_pic_works_CXX=yes
lt_cv_prog_compiler_rtti_exceptions=no
lt_cv_prog_compiler_static_works=yes
lt_cv_prog_compiler_static_works_CXX=yes
lt_cv_prog_gnu_ld=yes
lt_cv_prog_gnu_ldcxx=yes
lt_cv_sharedlib_from_linklib_cmd='printf %s\n'
lt_cv_shlibpath_overrides_runpath=no
lt_cv_sys_global_symbol_pipe='sed -n -e '\''s/^.*[	 ]\([ABCDGIRSTW][ABCDGIRSTW]*\)[	 ][	 ]*\([_A-Za-z][_A-Za-z0-9]*\)$/\1 \2 \2/p'\'' | sed '\''/ __gnu_lto/d'\'''
lt_cv_sys_global_symbol_to_c_name_address='sed -n -e '\''s/^: \([^ ]*\)[ ]*$/  {\"\1\", (void *) 0},/p'\'' -e '\''s/^[ABCDGIRSTW]* \([^ ]*\) \([^ ]*\)$/  {"\2", (void *) \&\2},/p'\'''
lt_cv_sys_global_symbol_to_c_name_address_lib_prefix='sed -n -e '\''s/^: \([^ ]*\)[ ]*$/  {\"\1\", (void *) 0},/p'\'' -e '\''s/^[ABCDGIRSTW]* \([^ ]*\) \(lib[^ ]*\)$/  {"\2", (void *) \&\2},/p'\'' -e '\''s/^[ABCDGIRSTW]* \([^ ]*\) \([^ ]*\)$/  {"lib\2", (void *) \&\2},/p'\'''
lt_cv_sys_global_symbol_to_cdecl='sed -n -e '\''s/^T .* \(.*\)$/extern int \1();/p'\'' -e '\''s/^[ABCDGIRSTW]* .* \(.*\)$/extern char \1;/p'\'''
lt_cv_sys_max_cmd_len=1572864
lt_cv_to_host_file_cmd=func_convert_file_noop
lt_cv_to_tool_file_cmd=func_convert_file_noop
pkg_cv_OSIP_CFLAGS='-DOSIP_MT -DHAVE_PTHREAD  '
pkg_cv_OSIP_LIBS='-losipparser2 -losip2  '

## ----------------- ##
## Output variables. ##
## ----------------- ##

ACLOCAL='${SHELL} /home/ubuntu/openbts/smqueue/trunk/missing --run aclocal-1.11'
AMDEPBACKSLASH='\'
AMDEP_FALSE='#'
AMDEP_TRUE=''
AMTAR='$${TAR-tar}'
AR='ar'
AS='as'
AUTOCONF='${SHELL} /home/ubuntu/openbts/smqueue/trunk/missing --run autoconf'
AUTOHEADER='${SHELL} /home/ubuntu/openbts/smqueue/trunk/missing --run autoheader'
AUTOMAKE='${SHELL} /home/ubuntu/openbts/smqueue/trunk/missing --run automake-1.11'
AWK='mawk'
CC='gcc'
CCAS='gcc'
CCASDEPMODE='depmode=gcc3'
CCASFLAGS='-g -O2'
CCDEPMODE='depmode=gcc3'
CFLAGS='-g -O2'
CPP='gcc -E'
CPPFLAGS=''
CXX='g++'
CXXCPP='g++ -E'
CXXDEPMODE='depmode=gcc3'
CXXFLAGS='-g -O2'
CYGPATH_W='echo'
DEFS='-DHAVE_CONFIG_H'
DEPDIR='.deps'
DLLTOOL='dlltool'
DSYMUTIL=''
DUMPBIN=''
ECHO_C=''
ECHO_N='-n'
ECHO_T=''
EGREP='/bin/grep -E'
EXEEXT=''
FGREP='/bin/grep -F'
GREP='/bin/grep'
INSTALL_DATA='${INSTALL} -m 644'
INSTALL_PROGRAM='${INSTALL}'
INSTALL_SCRIPT='${INSTALL}'
INSTALL_STRIP_PROGRAM='$(install_sh) -c -s'
LD='/usr/bin/ld'
LDFLAGS=''
LIBOBJS=''
LIBS=''
LIBTOOL='$(SHELL) $(top_builddir)/libtool'
LIPO=''
LN_S='ln -s'
LTLIBOBJS=''
MAKEINFO='${SHELL} /home/ubuntu/openbts/smqueue/trunk/missing --run makeinfo'
MANIFEST_TOOL=':'
MKDIR_P='/bin/mkdir -p'
NM='/usr/bin/nm -B'
NMEDIT=''
OBJDUMP='objdump'
OBJEXT='o'
OSIP_CFLAGS='-DOSIP_MT -DHAVE_PTHREAD  '
OSIP_LIBS='-losipparser2 -losip2  '
OTOOL64=''
OTOOL=''
PACKAGE='smqueue'
PACKAGE_BUGREPORT=''
PACKAGE_NAME='smqueue'
PACKAGE_STRING='smqueue TRUNK'
PACKAGE_TARNAME='smqueue'
PACKAGE_URL=''
PACKAGE_VERSION='TRUNK'
PATH_SEPARATOR=':'
PKG_CONFIG='/usr/bin/pkg-config'
PKG_CONFIG_LIBDIR=''
PKG_CONFIG_PATH=''
RANLIB='ranlib'
RM_PROG='/bin/rm'
SED='/bin/sed'
SET_MAKE=''
SHELL='/bin/bash'
STRIP='strip'
VERSION='TRUNK'
ac_ct_AR='ar'
ac_ct_CC='gcc'
ac_ct_CXX='g++'
ac_ct_DUMPBIN=''
am__EXEEXT_FALSE=''
am__EXEEXT_TRUE='#'
am__fastdepCCAS_FALSE='#'
am__fastdepCCAS_TRUE=''
am__fastdepCC_FALSE='#'
am__fastdepCC_TRUE=''
am__fastdepCXX_FALSE='#'
am__fastdepCXX_TRUE=''
am__include='include'
am__isrc=''
am__leading_dot='.'
am__nodep='_no'
am__quote=''
am__tar='$${TAR-tar} chof - "$$tardir"'
am__untar='$${TAR-tar} xf -'
bindir='${exec_prefix}/bin'
build='armv7l-unknown-linux-gnueabihf'
build_alias=''
build_cpu='armv7l'
build_os='linux-gnueabihf'
build_vendor='unknown'
datadir='${datarootdir}'
datarootdir='${prefix}/share'
docdir='${datarootdir}/doc/${PACKAGE_TARNAME}'
dvidir='${docdir}'
exec_prefix='${prefix}'
host='armv7l-unknown-linux-gnueabihf'
host_alias=''
host_cpu='armv7l'
host_os='linux-gnueabihf'
host_vendor='unknown'
htmldir='${docdir}'
includedir='${prefix}/include'
infodir='${datarootdir}/info'
install_sh='${SHELL} /home/ubuntu/openbts/smqueue/trunk/install-sh'
libdir='${exec_prefix}/lib'
libexecdir='${exec_prefix}/libexec'
localedir='${datarootdir}/locale'
localstatedir='${prefix}/var'
mandir='${datarootdir}/man'
mkdir_p='/bin/mkdir -p'
oldincludedir='/usr/include'
pdfdir='${docdir}'
prefix='/usr/local'
program_transform_name='s,x,x,'
psdir='${docdir}'
sbindir='${exec_prefix}/sbin'
sharedstatedir='${prefix}/com'
sysconfdir='${prefix}/etc'
target='armv7l-unknown-linux-gnueabihf'
target_alias=''
target_cpu='armv7l'
target_os='linux-gnueabihf'
target_vendor='unknown'

## ----------- ##
## confdefs.h. ##
## ----------- ##

/* confdefs.h */
#define PACKAGE_NAME "smqueue"
#define PACKAGE_TARNAME "smqueue"
#define PACKAGE_VERSION "TRUNK"
#define PACKAGE_STRING "smqueue TRUNK"
#define PACKAGE_BUGREPORT ""
#define PACKAGE_URL ""
#define PACKAGE "smqueue"
#define VERSION "TRUNK"
#define STDC_HEADERS 1
#define HAVE_SYS_TYPES_H 1
#define HAVE_SYS_STAT_H 1
#define HAVE_STDLIB_H 1
#define HAVE_STRING_H 1
#define HAVE_MEMORY_H 1
#define HAVE_STRINGS_H 1
#define HAVE_INTTYPES_H 1
#define HAVE_STDINT_H 1
#define HAVE_UNISTD_H 1
#define HAVE_DLFCN_H 1
#define LT_OBJDIR ".libs/"
#define STDC_HEADERS 1
#define HAVE_BYTESWAP_H 1
#define TIME_WITH_SYS_TIME 1
#define HAVE_GETHOSTBYNAME_R 1
#define HAVE_GETHOSTBYNAME2_R 1

configure: exit 0
