This file contains any messages produced by compilers while
running configure, to aid debugging if configure makes a mistake.

It was created by openbts-public configure TRUNK, which was
generated by GNU Autoconf 2.68.  Invocation command line was

  $ ./configure --with-uhd

## --------- ##
## Platform. ##
## --------- ##

hostname = ubuntu-armhf
uname -m = armv7l
uname -r = 3.8.13-bone30
uname -s = Linux
uname -v = #1 SMP Thu Nov 14 11:19:20 UTC 2013

/usr/bin/uname -p = unknown
/bin/uname -X     = unknown

/bin/arch              = unknown
/usr/bin/arch -k       = unknown
/usr/convex/getsysinfo = unknown
/usr/bin/hostinfo      = unknown
/bin/machine           = unknown
/usr/bin/oslevel       = unknown
/bin/universe          = unknown

PATH: /usr/local/sbin
PATH: /usr/local/bin
PATH: /usr/sbin
PATH: /usr/bin
PATH: /sbin
PATH: /bin
PATH: /usr/games


## ----------- ##
## Core tests. ##
## ----------- ##

configure:2469: checking build system type
configure:2483: result: armv7l-unknown-linux-gnueabihf
configure:2503: checking host system type
configure:2516: result: armv7l-unknown-linux-gnueabihf
configure:2536: checking target system type
configure:2549: result: armv7l-unknown-linux-gnueabihf
configure:2592: checking for a BSD-compatible install
configure:2660: result: /usr/bin/install -c
configure:2671: checking whether build environment is sane
configure:2721: result: yes
configure:2862: checking for a thread-safe mkdir -p
configure:2901: result: /bin/mkdir -p
configure:2914: checking for gawk
configure:2944: result: no
configure:2914: checking for mawk
configure:2930: found /usr/bin/mawk
configure:2941: result: mawk
configure:2952: checking whether make sets $(MAKE)
configure:2974: result: yes
configure:3067: checking for style of include used by make
configure:3095: result: GNU
configure:3166: checking for gcc
configure:3182: found /usr/bin/gcc
configure:3193: result: gcc
configure:3422: checking for C compiler version
configure:3431: gcc --version >&5
gcc (Ubuntu/Linaro 4.6.3-1ubuntu5) 4.6.3
Copyright (C) 2011 Free Software Foundation, Inc.
This is free software; see the source for copying conditions.  There is NO
warranty; not even for MERCHANTABILITY or FITNESS FOR A PARTICULAR PURPOSE.

configure:3442: $? = 0
configure:3431: gcc -v >&5
Using built-in specs.
COLLECT_GCC=gcc
COLLECT_LTO_WRAPPER=/usr/lib/gcc/arm-linux-gnueabihf/4.6/lto-wrapper
Target: arm-linux-gnueabihf
Configured with: ../src/configure -v --with-pkgversion='Ubuntu/Linaro 4.6.3-1ubuntu5' --with-bugurl=file:///usr/share/doc/gcc-4.6/README.Bugs --enable-languages=c,c++,fortran,objc,obj-c++ --prefix=/usr --program-suffix=-4.6 --enable-shared --enable-linker-build-id --with-system-zlib --libexecdir=/usr/lib --without-included-gettext --enable-threads=posix --with-gxx-include-dir=/usr/include/c++/4.6 --libdir=/usr/lib --enable-nls --with-sysroot=/ --enable-clocale=gnu --enable-libstdcxx-debug --enable-libstdcxx-time=yes --enable-gnu-unique-object --enable-plugin --enable-objc-gc --enable-multilib --disable-sjlj-exceptions --with-arch=armv7-a --with-float=hard --with-fpu=vfpv3-d16 --with-mode=thumb --disable-werror --enable-checking=release --build=arm-linux-gnueabihf --host=arm-linux-gnueabihf --target=arm-linux-gnueabihf
Thread model: posix
gcc version 4.6.3 (Ubuntu/Linaro 4.6.3-1ubuntu5) 
configure:3442: $? = 0
configure:3431: gcc -V >&5
gcc: fatal error: no input files
compilation terminated.
configure:3442: $? = 4
configure:3431: gcc -qversion >&5
gcc: fatal error: no input files
compilation terminated.
configure:3442: $? = 4
configure:3462: checking whether the C compiler works
configure:3484: gcc    conftest.c  >&5
configure:3488: $? = 0
configure:3536: result: yes
configure:3539: checking for C compiler default output file name
configure:3541: result: a.out
configure:3547: checking for suffix of executables
configure:3554: gcc -o conftest    conftest.c  >&5
configure:3558: $? = 0
configure:3580: result: 
configure:3602: checking whether we are cross compiling
configure:3610: gcc -o conftest    conftest.c  >&5
configure:3614: $? = 0
configure:3621: ./conftest
configure:3625: $? = 0
configure:3640: result: no
configure:3645: checking for suffix of object files
configure:3667: gcc -c   conftest.c >&5
configure:3671: $? = 0
configure:3692: result: o
configure:3696: checking whether we are using the GNU C compiler
configure:3715: gcc -c   conftest.c >&5
configure:3715: $? = 0
configure:3724: result: yes
configure:3733: checking whether gcc accepts -g
configure:3753: gcc -c -g  conftest.c >&5
configure:3753: $? = 0
configure:3794: result: yes
configure:3811: checking for gcc option to accept ISO C89
configure:3875: gcc  -c -g -O2  conftest.c >&5
configure:3875: $? = 0
configure:3888: result: none needed
configure:3910: checking dependency style of gcc
configure:4021: result: gcc3
configure:4045: checking dependency style of gcc
configure:4154: result: gcc3
configure:4227: checking for g++
configure:4243: found /usr/bin/g++
configure:4254: result: g++
configure:4281: checking for C++ compiler version
configure:4290: g++ --version >&5
g++ (Ubuntu/Linaro 4.6.3-1ubuntu5) 4.6.3
Copyright (C) 2011 Free Software Foundation, Inc.
This is free software; see the source for copying conditions.  There is NO
warranty; not even for MERCHANTABILITY or FITNESS FOR A PARTICULAR PURPOSE.

configure:4301: $? = 0
configure:4290: g++ -v >&5
Using built-in specs.
COLLECT_GCC=g++
COLLECT_LTO_WRAPPER=/usr/lib/gcc/arm-linux-gnueabihf/4.6/lto-wrapper
Target: arm-linux-gnueabihf
Configured with: ../src/configure -v --with-pkgversion='Ubuntu/Linaro 4.6.3-1ubuntu5' --with-bugurl=file:///usr/share/doc/gcc-4.6/README.Bugs --enable-languages=c,c++,fortran,objc,obj-c++ --prefix=/usr --program-suffix=-4.6 --enable-shared --enable-linker-build-id --with-system-zlib --libexecdir=/usr/lib --without-included-gettext --enable-threads=posix --with-gxx-include-dir=/usr/include/c++/4.6 --libdir=/usr/lib --enable-nls --with-sysroot=/ --enable-clocale=gnu --enable-libstdcxx-debug --enable-libstdcxx-time=yes --enable-gnu-unique-object --enable-plugin --enable-objc-gc --enable-multilib --disable-sjlj-exceptions --with-arch=armv7-a --with-float=hard --with-fpu=vfpv3-d16 --with-mode=thumb --disable-werror --enable-checking=release --build=arm-linux-gnueabihf --host=arm-linux-gnueabihf --target=arm-linux-gnueabihf
Thread model: posix
gcc version 4.6.3 (Ubuntu/Linaro 4.6.3-1ubuntu5) 
configure:4301: $? = 0
configure:4290: g++ -V >&5
g++: fatal error: no input files
compilation terminated.
configure:4301: $? = 4
configure:4290: g++ -qversion >&5
g++: fatal error: no input files
compilation terminated.
configure:4301: $? = 4
configure:4305: checking whether we are using the GNU C++ compiler
configure:4324: g++ -c   conftest.cpp >&5
configure:4324: $? = 0
configure:4333: result: yes
configure:4342: checking whether g++ accepts -g
configure:4362: g++ -c -g  conftest.cpp >&5
configure:4362: $? = 0
configure:4403: result: yes
configure:4428: checking dependency style of g++
configure:4539: result: gcc3
configure:4554: checking whether ln -s works
configure:4558: result: yes
configure:4565: checking whether make sets $(MAKE)
configure:4587: result: yes
configure:4599: checking for rm
configure:4617: found /bin/rm
configure:4629: result: /bin/rm
configure:5047: checking how to print strings
configure:5074: result: printf
configure:5095: checking for a sed that does not truncate output
configure:5159: result: /bin/sed
configure:5177: checking for grep that handles long lines and -e
configure:5235: result: /bin/grep
configure:5240: checking for egrep
configure:5302: result: /bin/grep -E
configure:5307: checking for fgrep
configure:5369: result: /bin/grep -F
configure:5404: checking for ld used by gcc
configure:5471: result: /usr/bin/ld
configure:5478: checking if the linker (/usr/bin/ld) is GNU ld
configure:5493: result: yes
configure:5505: checking for BSD- or MS-compatible name lister (nm)
configure:5554: result: /usr/bin/nm -B
configure:5684: checking the name lister (/usr/bin/nm -B) interface
configure:5691: gcc -c -g -O2  conftest.c >&5
configure:5694: /usr/bin/nm -B "conftest.o"
configure:5697: output
00000000 B some_variable
configure:5704: result: BSD nm
configure:5708: checking the maximum length of command line arguments
configure:5838: result: 1572864
configure:5855: checking whether the shell understands some XSI constructs
configure:5865: result: yes
configure:5869: checking whether the shell understands "+="
configure:5875: result: yes
configure:5910: checking how to convert armv7l-unknown-linux-gnueabihf file names to armv7l-unknown-linux-gnueabihf format
configure:5950: result: func_convert_file_noop
configure:5957: checking how to convert armv7l-unknown-linux-gnueabihf file names to toolchain format
configure:5977: result: func_convert_file_noop
configure:5984: checking for /usr/bin/ld option to reload object files
configure:5991: result: -r
configure:6065: checking for objdump
configure:6092: result: objdump
configure:6121: checking how to recognize dependent libraries
configure:6323: result: pass_all
configure:6408: checking for dlltool
configure:6435: result: dlltool
configure:6465: checking how to associate runtime and link libraries
configure:6492: result: printf %s\n
configure:6553: checking for ar
configure:6569: found /usr/bin/ar
configure:6580: result: ar
configure:6617: checking for archiver @FILE support
configure:6634: gcc -c -g -O2  conftest.c >&5
configure:6634: $? = 0
configure:6637: ar cru libconftest.a @conftest.lst >&5
configure:6640: $? = 0
configure:6645: ar cru libconftest.a @conftest.lst >&5
ar: conftest.o: No such file or directory
configure:6648: $? = 1
configure:6660: result: @
configure:6718: checking for strip
configure:6734: found /usr/bin/strip
configure:6745: result: strip
configure:6817: checking for ranlib
configure:6833: found /usr/bin/ranlib
configure:6844: result: ranlib
configure:6946: checking command to parse /usr/bin/nm -B output from gcc object
configure:7066: gcc -c -g -O2  conftest.c >&5
configure:7069: $? = 0
configure:7073: /usr/bin/nm -B conftest.o \| sed -n -e 's/^.*[ ]\([ABCDGIRSTW][ABCDGIRSTW]*\)[ ][ ]*\([_A-Za-z][_A-Za-z0-9]*\)$/\1 \2 \2/p' | sed '/ __gnu_lto/d' \> conftest.nm
configure:7076: $? = 0
configure:7142: gcc -o conftest -g -O2   conftest.c conftstm.o >&5
configure:7145: $? = 0
configure:7183: result: ok
configure:7220: checking for sysroot
configure:7250: result: no
configure:7506: checking for mt
configure:7522: found /bin/mt
configure:7533: result: mt
configure:7556: checking if mt is a manifest tool
configure:7562: mt '-?'
configure:7570: result: no
configure:8212: checking how to run the C preprocessor
configure:8243: gcc -E  conftest.c
configure:8243: $? = 0
configure:8257: gcc -E  conftest.c
conftest.c:11:28: fatal error: ac_nonexistent.h: No such file or directory
compilation terminated.
configure:8257: $? = 1
configure: failed program was:
| /* confdefs.h */
| #define PACKAGE_NAME "openbts-public"
| #define PACKAGE_TARNAME "openbts-public"
| #define PACKAGE_VERSION "TRUNK"
| #define PACKAGE_STRING "openbts-public TRUNK"
| #define PACKAGE_BUGREPORT ""
| #define PACKAGE_URL ""
| #define PACKAGE "openbts-public"
| #define VERSION "TRUNK"
| /* end confdefs.h.  */
| #include <ac_nonexistent.h>
configure:8282: result: gcc -E
configure:8302: gcc -E  conftest.c
configure:8302: $? = 0
configure:8316: gcc -E  conftest.c
conftest.c:11:28: fatal error: ac_nonexistent.h: No such file or directory
compilation terminated.
configure:8316: $? = 1
configure: failed program was:
| /* confdefs.h */
| #define PACKAGE_NAME "openbts-public"
| #define PACKAGE_TARNAME "openbts-public"
| #define PACKAGE_VERSION "TRUNK"
| #define PACKAGE_STRING "openbts-public TRUNK"
| #define PACKAGE_BUGREPORT ""
| #define PACKAGE_URL ""
| #define PACKAGE "openbts-public"
| #define VERSION "TRUNK"
| /* end confdefs.h.  */
| #include <ac_nonexistent.h>
configure:8345: checking for ANSI C header files
configure:8365: gcc -c -g -O2  conftest.c >&5
configure:8365: $? = 0
configure:8438: gcc -o conftest -g -O2   conftest.c  >&5
configure:8438: $? = 0
configure:8438: ./conftest
configure:8438: $? = 0
configure:8449: result: yes
configure:8462: checking for sys/types.h
configure:8462: gcc -c -g -O2  conftest.c >&5
configure:8462: $? = 0
configure:8462: result: yes
configure:8462: checking for sys/stat.h
configure:8462: gcc -c -g -O2  conftest.c >&5
configure:8462: $? = 0
configure:8462: result: yes
configure:8462: checking for stdlib.h
configure:8462: gcc -c -g -O2  conftest.c >&5
configure:8462: $? = 0
configure:8462: result: yes
configure:8462: checking for string.h
configure:8462: gcc -c -g -O2  conftest.c >&5
configure:8462: $? = 0
configure:8462: result: yes
configure:8462: checking for memory.h
configure:8462: gcc -c -g -O2  conftest.c >&5
configure:8462: $? = 0
configure:8462: result: yes
configure:8462: checking for strings.h
configure:8462: gcc -c -g -O2  conftest.c >&5
configure:8462: $? = 0
configure:8462: result: yes
configure:8462: checking for inttypes.h
configure:8462: gcc -c -g -O2  conftest.c >&5
configure:8462: $? = 0
configure:8462: result: yes
configure:8462: checking for stdint.h
configure:8462: gcc -c -g -O2  conftest.c >&5
configure:8462: $? = 0
configure:8462: result: yes
configure:8462: checking for unistd.h
configure:8462: gcc -c -g -O2  conftest.c >&5
configure:8462: $? = 0
configure:8462: result: yes
configure:8476: checking for dlfcn.h
configure:8476: gcc -c -g -O2  conftest.c >&5
configure:8476: $? = 0
configure:8476: result: yes
configure:8631: checking for objdir
configure:8646: result: .libs
configure:8917: checking if gcc supports -fno-rtti -fno-exceptions
configure:8935: gcc -c -g -O2  -fno-rtti -fno-exceptions conftest.c >&5
cc1: warning: command line option '-fno-rtti' is valid for C++/ObjC++ but not for C [enabled by default]
configure:8939: $? = 0
configure:8952: result: no
configure:9279: checking for gcc option to produce PIC
configure:9286: result: -fPIC -DPIC
configure:9294: checking if gcc PIC flag -fPIC -DPIC works
configure:9312: gcc -c -g -O2  -fPIC -DPIC -DPIC conftest.c >&5
configure:9316: $? = 0
configure:9329: result: yes
configure:9358: checking if gcc static flag -static works
configure:9386: result: yes
configure:9401: checking if gcc supports -c -o file.o
configure:9422: gcc -c -g -O2  -o out/conftest2.o conftest.c >&5
configure:9426: $? = 0
configure:9448: result: yes
configure:9456: checking if gcc supports -c -o file.o
configure:9503: result: yes
configure:9536: checking whether the gcc linker (/usr/bin/ld) supports shared libraries
configure:10693: result: yes
configure:10730: checking whether -lc should be explicitly linked in
configure:10738: gcc -c -g -O2  conftest.c >&5
configure:10741: $? = 0
configure:10756: gcc -shared  -fPIC -DPIC conftest.o  -v -Wl,-soname -Wl,conftest -o conftest 2\>\&1 \| /bin/grep  -lc  \>/dev/null 2\>\&1
configure:10759: $? = 0
configure:10773: result: no
configure:10933: checking dynamic linker characteristics
configure:11444: gcc -o conftest -g -O2   -Wl,-rpath -Wl,/foo conftest.c  >&5
configure:11444: $? = 0
configure:11678: result: GNU/Linux ld.so
configure:11785: checking how to hardcode library paths into programs
configure:11810: result: immediate
configure:12350: checking whether stripping libraries is possible
configure:12355: result: yes
configure:12390: checking if libtool supports shared libraries
configure:12392: result: yes
configure:12395: checking whether to build shared libraries
configure:12416: result: yes
configure:12419: checking whether to build static libraries
configure:12423: result: no
configure:12446: checking how to run the C++ preprocessor
configure:12473: g++ -E  conftest.cpp
configure:12473: $? = 0
configure:12487: g++ -E  conftest.cpp
conftest.cpp:23:28: fatal error: ac_nonexistent.h: No such file or directory
compilation terminated.
configure:12487: $? = 1
configure: failed program was:
| /* confdefs.h */
| #define PACKAGE_NAME "openbts-public"
| #define PACKAGE_TARNAME "openbts-public"
| #define PACKAGE_VERSION "TRUNK"
| #define PACKAGE_STRING "openbts-public TRUNK"
| #define PACKAGE_BUGREPORT ""
| #define PACKAGE_URL ""
| #define PACKAGE "openbts-public"
| #define VERSION "TRUNK"
| #define STDC_HEADERS 1
| #define HAVE_SYS_TYPES_H 1
| #define HAVE_SYS_STAT_H 1
| #define HAVE_STDLIB_H 1
| #define HAVE_STRING_H 1
| #define HAVE_MEMORY_H 1
| #define HAVE_STRINGS_H 1
| #define HAVE_INTTYPES_H 1
| #define HAVE_STDINT_H 1
| #define HAVE_UNISTD_H 1
| #define HAVE_DLFCN_H 1
| #define LT_OBJDIR ".libs/"
| /* end confdefs.h.  */
| #include <ac_nonexistent.h>
configure:12512: result: g++ -E
configure:12532: g++ -E  conftest.cpp
configure:12532: $? = 0
configure:12546: g++ -E  conftest.cpp
conftest.cpp:23:28: fatal error: ac_nonexistent.h: No such file or directory
compilation terminated.
configure:12546: $? = 1
configure: failed program was:
| /* confdefs.h */
| #define PACKAGE_NAME "openbts-public"
| #define PACKAGE_TARNAME "openbts-public"
| #define PACKAGE_VERSION "TRUNK"
| #define PACKAGE_STRING "openbts-public TRUNK"
| #define PACKAGE_BUGREPORT ""
| #define PACKAGE_URL ""
| #define PACKAGE "openbts-public"
| #define VERSION "TRUNK"
| #define STDC_HEADERS 1
| #define HAVE_SYS_TYPES_H 1
| #define HAVE_SYS_STAT_H 1
| #define HAVE_STDLIB_H 1
| #define HAVE_STRING_H 1
| #define HAVE_MEMORY_H 1
| #define HAVE_STRINGS_H 1
| #define HAVE_INTTYPES_H 1
| #define HAVE_STDINT_H 1
| #define HAVE_UNISTD_H 1
| #define HAVE_DLFCN_H 1
| #define LT_OBJDIR ".libs/"
| /* end confdefs.h.  */
| #include <ac_nonexistent.h>
configure:12715: checking for ld used by g++
configure:12782: result: /usr/bin/ld
configure:12789: checking if the linker (/usr/bin/ld) is GNU ld
configure:12804: result: yes
configure:12859: checking whether the g++ linker (/usr/bin/ld) supports shared libraries
configure:13864: result: yes
configure:13900: g++ -c -g -O2  conftest.cpp >&5
configure:13903: $? = 0
configure:14423: checking for g++ option to produce PIC
configure:14430: result: -fPIC -DPIC
configure:14438: checking if g++ PIC flag -fPIC -DPIC works
configure:14456: g++ -c -g -O2  -fPIC -DPIC -DPIC conftest.cpp >&5
configure:14460: $? = 0
configure:14473: result: yes
configure:14496: checking if g++ static flag -static works
configure:14524: result: yes
configure:14536: checking if g++ supports -c -o file.o
configure:14557: g++ -c -g -O2  -o out/conftest2.o conftest.cpp >&5
configure:14561: $? = 0
configure:14583: result: yes
configure:14588: checking if g++ supports -c -o file.o
configure:14635: result: yes
configure:14665: checking whether the g++ linker (/usr/bin/ld) supports shared libraries
configure:14704: result: yes
configure:14845: checking dynamic linker characteristics
configure:15524: result: GNU/Linux ld.so
configure:15577: checking how to hardcode library paths into programs
configure:15602: result: immediate
configure:15664: checking for ANSI C header files
configure:15768: result: yes
configure:15778: checking byteswap.h usability
configure:15778: gcc -c -g -O2  conftest.c >&5
configure:15778: $? = 0
configure:15778: result: yes
configure:15778: checking byteswap.h presence
configure:15778: gcc -E  conftest.c
configure:15778: $? = 0
configure:15778: result: yes
configure:15778: checking for byteswap.h
configure:15778: result: yes
configure:15789: checking for an ANSI C-conforming const
configure:15854: gcc -c -g -O2  conftest.c >&5
configure:15854: $? = 0
configure:15861: result: yes
configure:15869: checking for inline
configure:15885: gcc -c -g -O2  conftest.c >&5
configure:15885: $? = 0
configure:15893: result: inline
configure:15911: checking for size_t
configure:15911: gcc -c -g -O2  conftest.c >&5
configure:15911: $? = 0
configure:15911: gcc -c -g -O2  conftest.c >&5
conftest.c: In function 'main':
conftest.c:61:21: error: expected expression before ')' token
configure:15911: $? = 1
configure: failed program was:
| /* confdefs.h */
| #define PACKAGE_NAME "openbts-public"
| #define PACKAGE_TARNAME "openbts-public"
| #define PACKAGE_VERSION "TRUNK"
| #define PACKAGE_STRING "openbts-public TRUNK"
| #define PACKAGE_BUGREPORT ""
| #define PACKAGE_URL ""
| #define PACKAGE "openbts-public"
| #define VERSION "TRUNK"
| #define STDC_HEADERS 1
| #define HAVE_SYS_TYPES_H 1
| #define HAVE_SYS_STAT_H 1
| #define HAVE_STDLIB_H 1
| #define HAVE_STRING_H 1
| #define HAVE_MEMORY_H 1
| #define HAVE_STRINGS_H 1
| #define HAVE_INTTYPES_H 1
| #define HAVE_STDINT_H 1
| #define HAVE_UNISTD_H 1
| #define HAVE_DLFCN_H 1
| #define LT_OBJDIR ".libs/"
| #define STDC_HEADERS 1
| #define HAVE_BYTESWAP_H 1
| /* end confdefs.h.  */
| #include <stdio.h>
| #ifdef HAVE_SYS_TYPES_H
| # include <sys/types.h>
| #endif
| #ifdef HAVE_SYS_STAT_H
| # include <sys/stat.h>
| #endif
| #ifdef STDC_HEADERS
| # include <stdlib.h>
| # include <stddef.h>
| #else
| # ifdef HAVE_STDLIB_H
| #  include <stdlib.h>
| # endif
| #endif
| #ifdef HAVE_STRING_H
| # if !defined STDC_HEADERS && defined HAVE_MEMORY_H
| #  include <memory.h>
| # endif
| # include <string.h>
| #endif
| #ifdef HAVE_STRINGS_H
| # include <strings.h>
| #endif
| #ifdef HAVE_INTTYPES_H
| # include <inttypes.h>
| #endif
| #ifdef HAVE_STDINT_H
| # include <stdint.h>
| #endif
| #ifdef HAVE_UNISTD_H
| # include <unistd.h>
| #endif
| int
| main ()
| {
| if (sizeof ((size_t)))
| 	    return 0;
|   ;
|   return 0;
| }
configure:15911: result: yes
configure:15922: checking whether time.h and sys/time.h may both be included
configure:15942: gcc -c -g -O2  conftest.c >&5
configure:15942: $? = 0
configure:15949: result: yes
configure:15957: checking whether byte ordering is bigendian
configure:15972: gcc -c -g -O2  conftest.c >&5
conftest.c:27:9: error: unknown type name 'not'
conftest.c:27:15: error: expected '=', ',', ';', 'asm' or '__attribute__' before 'universal'
conftest.c:27:15: error: unknown type name 'universal'
configure:15972: $? = 1
configure: failed program was:
| /* confdefs.h */
| #define PACKAGE_NAME "openbts-public"
| #define PACKAGE_TARNAME "openbts-public"
| #define PACKAGE_VERSION "TRUNK"
| #define PACKAGE_STRING "openbts-public TRUNK"
| #define PACKAGE_BUGREPORT ""
| #define PACKAGE_URL ""
| #define PACKAGE "openbts-public"
| #define VERSION "TRUNK"
| #define STDC_HEADERS 1
| #define HAVE_SYS_TYPES_H 1
| #define HAVE_SYS_STAT_H 1
| #define HAVE_STDLIB_H 1
| #define HAVE_STRING_H 1
| #define HAVE_MEMORY_H 1
| #define HAVE_STRINGS_H 1
| #define HAVE_INTTYPES_H 1
| #define HAVE_STDINT_H 1
| #define HAVE_UNISTD_H 1
| #define HAVE_DLFCN_H 1
| #define LT_OBJDIR ".libs/"
| #define STDC_HEADERS 1
| #define HAVE_BYTESWAP_H 1
| #define TIME_WITH_SYS_TIME 1
| /* end confdefs.h.  */
| #ifndef __APPLE_CC__
| 	       not a universal capable compiler
| 	     #endif
| 	     typedef int dummy;
| 
configure:16017: gcc -c -g -O2  conftest.c >&5
configure:16017: $? = 0
configure:16035: gcc -c -g -O2  conftest.c >&5
conftest.c: In function 'main':
conftest.c:33:4: error: unknown type name 'not'
conftest.c:33:12: error: expected '=', ',', ';', 'asm' or '__attribute__' before 'endian'
configure:16035: $? = 1
configure: failed program was:
| /* confdefs.h */
| #define PACKAGE_NAME "openbts-public"
| #define PACKAGE_TARNAME "openbts-public"
| #define PACKAGE_VERSION "TRUNK"
| #define PACKAGE_STRING "openbts-public TRUNK"
| #define PACKAGE_BUGREPORT ""
| #define PACKAGE_URL ""
| #define PACKAGE "openbts-public"
| #define VERSION "TRUNK"
| #define STDC_HEADERS 1
| #define HAVE_SYS_TYPES_H 1
| #define HAVE_SYS_STAT_H 1
| #define HAVE_STDLIB_H 1
| #define HAVE_STRING_H 1
| #define HAVE_MEMORY_H 1
| #define HAVE_STRINGS_H 1
| #define HAVE_INTTYPES_H 1
| #define HAVE_STDINT_H 1
| #define HAVE_UNISTD_H 1
| #define HAVE_DLFCN_H 1
| #define LT_OBJDIR ".libs/"
| #define STDC_HEADERS 1
| #define HAVE_BYTESWAP_H 1
| #define TIME_WITH_SYS_TIME 1
| /* end confdefs.h.  */
| #include <sys/types.h>
| 		#include <sys/param.h>
| 
| int
| main ()
| {
| #if BYTE_ORDER != BIG_ENDIAN
| 		 not big endian
| 		#endif
| 
|   ;
|   return 0;
| }
configure:16163: result: no
configure:16252: checking for pkg-config
configure:16270: found /usr/bin/pkg-config
configure:16282: result: /usr/bin/pkg-config
configure:16307: checking pkg-config is at least version 0.18
configure:16310: result: yes
configure:16326: checking for x86 cpuid  output
configure:16355: gcc -o conftest -g -O2   conftest.c  >&5
conftest.c: In function 'main':
conftest.c:31:15: error: expected expression before ',' token
configure:16355: $? = 1
configure: program exited with status 1
configure: failed program was:
| /* confdefs.h */
| #define PACKAGE_NAME "openbts-public"
| #define PACKAGE_TARNAME "openbts-public"
| #define PACKAGE_VERSION "TRUNK"
| #define PACKAGE_STRING "openbts-public TRUNK"
| #define PACKAGE_BUGREPORT ""
| #define PACKAGE_URL ""
| #define PACKAGE "openbts-public"
| #define VERSION "TRUNK"
| #define STDC_HEADERS 1
| #define HAVE_SYS_TYPES_H 1
| #define HAVE_SYS_STAT_H 1
| #define HAVE_STDLIB_H 1
| #define HAVE_STRING_H 1
| #define HAVE_MEMORY_H 1
| #define HAVE_STRINGS_H 1
| #define HAVE_INTTYPES_H 1
| #define HAVE_STDINT_H 1
| #define HAVE_UNISTD_H 1
| #define HAVE_DLFCN_H 1
| #define LT_OBJDIR ".libs/"
| #define STDC_HEADERS 1
| #define HAVE_BYTESWAP_H 1
| #define TIME_WITH_SYS_TIME 1
| /* end confdefs.h.  */
| #include <stdio.h>
| int
| main ()
| {
| 
|      int op = , eax, ebx, ecx, edx;
|      FILE *f;
|       __asm__("cpuid"
|         : "=a" (eax), "=b" (ebx), "=c" (ecx), "=d" (edx)
|         : "a" (op));
|      f = fopen("conftest_cpuid", "w"); if (!f) return 1;
|      fprintf(f, "%x:%x:%x:%x\n", eax, ebx, ecx, edx);
|      fclose(f);
|      return 0;
| 
|   ;
|   return 0;
| }
configure:16365: result: unknown
configure:16381: checking for x86-AVX xgetbv  output
configure:16411: gcc -o conftest -g -O2   conftest.c  >&5
conftest.c: In function 'main':
conftest.c:31:15: error: expected expression before ',' token
configure:16411: $? = 1
configure: program exited with status 1
configure: failed program was:
| /* confdefs.h */
| #define PACKAGE_NAME "openbts-public"
| #define PACKAGE_TARNAME "openbts-public"
| #define PACKAGE_VERSION "TRUNK"
| #define PACKAGE_STRING "openbts-public TRUNK"
| #define PACKAGE_BUGREPORT ""
| #define PACKAGE_URL ""
| #define PACKAGE "openbts-public"
| #define VERSION "TRUNK"
| #define STDC_HEADERS 1
| #define HAVE_SYS_TYPES_H 1
| #define HAVE_SYS_STAT_H 1
| #define HAVE_STDLIB_H 1
| #define HAVE_STRING_H 1
| #define HAVE_MEMORY_H 1
| #define HAVE_STRINGS_H 1
| #define HAVE_INTTYPES_H 1
| #define HAVE_STDINT_H 1
| #define HAVE_UNISTD_H 1
| #define HAVE_DLFCN_H 1
| #define LT_OBJDIR ".libs/"
| #define STDC_HEADERS 1
| #define HAVE_BYTESWAP_H 1
| #define TIME_WITH_SYS_TIME 1
| /* end confdefs.h.  */
| #include <stdio.h>
| int
| main ()
| {
| 
|      int op = , eax, edx;
|      FILE *f;
|       /* Opcodes for xgetbv */
|       __asm__(".byte 0x0f, 0x01, 0xd0"
|         : "=a" (eax), "=d" (edx)
|         : "c" (op));
|      f = fopen("conftest_xgetbv", "w"); if (!f) return 1;
|      fprintf(f, "%x:%x\n", eax, edx);
|      fclose(f);
|      return 0;
| 
|   ;
|   return 0;
| }
configure:16421: result: unknown
configure:17238: checking for UHD
configure:17246: $PKG_CONFIG --exists --print-errors "uhd >= 003.004.000"
configure:17249: $? = 0
configure:17286: $PKG_CONFIG --exists --print-errors "uhd >= 003.004.000"
configure:17289: $? = 0
configure:17306: $PKG_CONFIG --exists --print-errors "uhd >= 003.004.000"
configure:17309: $? = 0
configure:17376: result: yes
configure:18068: checking for LIBUSB
configure:18076: $PKG_CONFIG --exists --print-errors "libusb-1.0"
configure:18079: $? = 0
configure:18116: $PKG_CONFIG --exists --print-errors "libusb-1.0"
configure:18119: $? = 0
configure:18136: $PKG_CONFIG --exists --print-errors "libusb-1.0"
configure:18139: $? = 0
configure:18206: result: yes
configure:18212: checking for gethostbyname_r
configure:18212: gcc -o conftest -g -O2   conftest.c  >&5
configure:18212: $? = 0
configure:18212: result: yes
configure:18219: checking for gethostbyname2_r
configure:18219: gcc -o conftest -g -O2   conftest.c  >&5
configure:18219: $? = 0
configure:18219: result: yes
configure:18377: creating ./config.status

## ---------------------- ##
## Running config.status. ##
## ---------------------- ##

This file was extended by openbts-public config.status TRUNK, which was
generated by GNU Autoconf 2.68.  Invocation command line was

  CONFIG_FILES    = 
  CONFIG_HEADERS  = 
  CONFIG_LINKS    = 
  CONFIG_COMMANDS = 
  $ ./config.status 

on ubuntu-armhf

config.status:1205: creating Makefile
config.status:1205: creating apps/Makefile
config.status:1205: creating config/Makefile
config.status:1205: creating doc/Makefile
config.status:1205: creating CommonLibs/Makefile
config.status:1205: creating Globals/Makefile
config.status:1205: creating Control/Makefile
config.status:1205: creating GSM/Makefile
config.status:1205: creating GPRS/Makefile
config.status:1205: creating SGSNGGSN/Makefile
config.status:1205: creating SIP/Makefile
config.status:1205: creating SMS/Makefile
config.status:1205: creating TransceiverRAD1/Makefile
config.status:1205: creating Transceiver52M/Makefile
config.status:1205: creating TRXManager/Makefile
config.status:1205: creating CLI/Makefile
config.status:1205: creating Peering/Makefile
config.status:1205: creating SR/Makefile
config.status:1205: creating sqlite3/Makefile
config.status:1205: creating config.h
config.status:1434: executing depfiles commands
config.status:1434: executing libtool commands

## ---------------- ##
## Cache variables. ##
## ---------------- ##

ac_cv_build=armv7l-unknown-linux-gnueabihf
ac_cv_c_bigendian=no
ac_cv_c_compiler_gnu=yes
ac_cv_c_const=yes
ac_cv_c_inline=inline
ac_cv_cxx_compiler_gnu=yes
ac_cv_env_CCASFLAGS_set=
ac_cv_env_CCASFLAGS_value=
ac_cv_env_CCAS_set=
ac_cv_env_CCAS_value=
ac_cv_env_CCC_set=
ac_cv_env_CCC_value=
ac_cv_env_CC_set=
ac_cv_env_CC_value=
ac_cv_env_CFLAGS_set=
ac_cv_env_CFLAGS_value=
ac_cv_env_CPPFLAGS_set=
ac_cv_env_CPPFLAGS_value=
ac_cv_env_CPP_set=
ac_cv_env_CPP_value=
ac_cv_env_CXXCPP_set=
ac_cv_env_CXXCPP_value=
ac_cv_env_CXXFLAGS_set=
ac_cv_env_CXXFLAGS_value=
ac_cv_env_CXX_set=
ac_cv_env_CXX_value=
ac_cv_env_LDFLAGS_set=
ac_cv_env_LDFLAGS_value=
ac_cv_env_LIBS_set=
ac_cv_env_LIBS_value=
ac_cv_env_LIBUSB_CFLAGS_set=
ac_cv_env_LIBUSB_CFLAGS_value=
ac_cv_env_LIBUSB_INCLUDEDIR_set=
ac_cv_env_LIBUSB_INCLUDEDIR_value=
ac_cv_env_LIBUSB_LIBS_set=
ac_cv_env_LIBUSB_LIBS_value=
ac_cv_env_PKG_CONFIG_set=
ac_cv_env_PKG_CONFIG_value=
ac_cv_env_UHD_CFLAGS_set=
ac_cv_env_UHD_CFLAGS_value=
ac_cv_env_UHD_INCLUDEDIR_set=
ac_cv_env_UHD_INCLUDEDIR_value=
ac_cv_env_UHD_LIBS_set=
ac_cv_env_UHD_LIBS_value=
ac_cv_env_USRP_CFLAGS_set=
ac_cv_env_USRP_CFLAGS_value=
ac_cv_env_USRP_INCLUDEDIR_set=
ac_cv_env_USRP_INCLUDEDIR_value=
ac_cv_env_USRP_LIBS_set=
ac_cv_env_USRP_LIBS_value=
ac_cv_env_build_alias_set=
ac_cv_env_build_alias_value=
ac_cv_env_host_alias_set=
ac_cv_env_host_alias_value=
ac_cv_env_target_alias_set=
ac_cv_env_target_alias_value=
ac_cv_func_gethostbyname2_r=yes
ac_cv_func_gethostbyname_r=yes
ac_cv_header_byteswap_h=yes
ac_cv_header_dlfcn_h=yes
ac_cv_header_inttypes_h=yes
ac_cv_header_memory_h=yes
ac_cv_header_stdc=yes
ac_cv_header_stdint_h=yes
ac_cv_header_stdlib_h=yes
ac_cv_header_string_h=yes
ac_cv_header_strings_h=yes
ac_cv_header_sys_stat_h=yes
ac_cv_header_sys_types_h=yes
ac_cv_header_time=yes
ac_cv_header_unistd_h=yes
ac_cv_host=armv7l-unknown-linux-gnueabihf
ac_cv_objext=o
ac_cv_path_EGREP='/bin/grep -E'
ac_cv_path_FGREP='/bin/grep -F'
ac_cv_path_GREP=/bin/grep
ac_cv_path_RM_PROG=/bin/rm
ac_cv_path_SED=/bin/sed
ac_cv_path_ac_pt_PKG_CONFIG=/usr/bin/pkg-config
ac_cv_path_install='/usr/bin/install -c'
ac_cv_path_mkdir=/bin/mkdir
ac_cv_prog_AWK=mawk
ac_cv_prog_CPP='gcc -E'
ac_cv_prog_CXXCPP='g++ -E'
ac_cv_prog_ac_ct_AR=ar
ac_cv_prog_ac_ct_CC=gcc
ac_cv_prog_ac_ct_CXX=g++
ac_cv_prog_ac_ct_DLLTOOL=dlltool
ac_cv_prog_ac_ct_MANIFEST_TOOL=mt
ac_cv_prog_ac_ct_OBJDUMP=objdump
ac_cv_prog_ac_ct_RANLIB=ranlib
ac_cv_prog_ac_ct_STRIP=strip
ac_cv_prog_cc_c89=
ac_cv_prog_cc_g=yes
ac_cv_prog_cxx_g=yes
ac_cv_prog_make_make_set=yes
ac_cv_target=armv7l-unknown-linux-gnueabihf
ac_cv_type_size_t=yes
am_cv_CCAS_dependencies_compiler_type=gcc3
am_cv_CC_dependencies_compiler_type=gcc3
am_cv_CXX_dependencies_compiler_type=gcc3
ax_cv_gcc_x86_avx_xgetbv_=unknown
ax_cv_gcc_x86_cpuid_=unknown
lt_cv_ar_at_file=@
lt_cv_archive_cmds_need_lc=no
lt_cv_deplibs_check_method=pass_all
lt_cv_file_magic_cmd='$MAGIC_CMD'
lt_cv_file_magic_test_file=
lt_cv_ld_reload_flag=-r
lt_cv_nm_interface='BSD nm'
lt_cv_objdir=.libs
lt_cv_path_LD=/usr/bin/ld
lt_cv_path_LDCXX=/usr/bin/ld
lt_cv_path_NM='/usr/bin/nm -B'
lt_cv_path_mainfest_tool=no
lt_cv_prog_compiler_c_o=yes
lt_cv_prog_compiler_c_o_CXX=yes
lt_cv_prog_compiler_pic='-fPIC -DPIC'
lt_cv_prog_compiler_pic_CXX='-fPIC -DPIC'
lt_cv_prog_compiler_pic_works=yes
lt_cv_prog_compiler_pic_works_CXX=yes
lt_cv_prog_compiler_rtti_exceptions=no
lt_cv_prog_compiler_static_works=yes
lt_cv_prog_compiler_static_works_CXX=yes
lt_cv_prog_gnu_ld=yes
lt_cv_prog_gnu_ldcxx=yes
lt_cv_sharedlib_from_linklib_cmd='printf %s\n'
lt_cv_shlibpath_overrides_runpath=no
lt_cv_sys_global_symbol_pipe='sed -n -e '\''s/^.*[	 ]\([ABCDGIRSTW][ABCDGIRSTW]*\)[	 ][	 ]*\([_A-Za-z][_A-Za-z0-9]*\)$/\1 \2 \2/p'\'' | sed '\''/ __gnu_lto/d'\'''
lt_cv_sys_global_symbol_to_c_name_address='sed -n -e '\''s/^: \([^ ]*\)[ ]*$/  {\"\1\", (void *) 0},/p'\'' -e '\''s/^[ABCDGIRSTW]* \([^ ]*\) \([^ ]*\)$/  {"\2", (void *) \&\2},/p'\'''
lt_cv_sys_global_symbol_to_c_name_address_lib_prefix='sed -n -e '\''s/^: \([^ ]*\)[ ]*$/  {\"\1\", (void *) 0},/p'\'' -e '\''s/^[ABCDGIRSTW]* \([^ ]*\) \(lib[^ ]*\)$/  {"\2", (void *) \&\2},/p'\'' -e '\''s/^[ABCDGIRSTW]* \([^ ]*\) \([^ ]*\)$/  {"lib\2", (void *) \&\2},/p'\'''
lt_cv_sys_global_symbol_to_cdecl='sed -n -e '\''s/^T .* \(.*\)$/extern int \1();/p'\'' -e '\''s/^[ABCDGIRSTW]* .* \(.*\)$/extern char \1;/p'\'''
lt_cv_sys_max_cmd_len=1572864
lt_cv_to_host_file_cmd=func_convert_file_noop
lt_cv_to_tool_file_cmd=func_convert_file_noop
pkg_cv_LIBUSB_CFLAGS='-I/usr/include/libusb-1.0  '
pkg_cv_LIBUSB_CPPFLAGS=' -I/usr/include/libusb-1.0'
pkg_cv_LIBUSB_INCLUDEDIR=/usr/include
pkg_cv_LIBUSB_LIBS='-pthread -lusb-1.0 -lrt  '
pkg_cv_UHD_CFLAGS='-I/usr/local/include  '
pkg_cv_UHD_CPPFLAGS=' -I/usr/local/include'
pkg_cv_UHD_INCLUDEDIR=/usr/local/include
pkg_cv_UHD_LIBS='-L/usr/local/lib -luhd  '

## ----------------- ##
## Output variables. ##
## ----------------- ##

ACLOCAL='${SHELL} /home/ubuntu/openbts/openbts/trunk/missing --run aclocal-1.11'
AMDEPBACKSLASH='\'
AMDEP_FALSE='#'
AMDEP_TRUE=''
AMTAR='$${TAR-tar}'
AR='ar'
AS='as'
AUTOCONF='${SHELL} /home/ubuntu/openbts/openbts/trunk/missing --run autoconf'
AUTOHEADER='${SHELL} /home/ubuntu/openbts/openbts/trunk/missing --run autoheader'
AUTOMAKE='${SHELL} /home/ubuntu/openbts/openbts/trunk/missing --run automake-1.11'
AWK='mawk'
CC='gcc'
CCAS='gcc'
CCASDEPMODE='depmode=gcc3'
CCASFLAGS='-g -O2'
CCDEPMODE='depmode=gcc3'
CFLAGS='-g -O2'
CPP='gcc -E'
CPPFLAGS=''
CXX='g++'
CXXCPP='g++ -E'
CXXDEPMODE='depmode=gcc3'
CXXFLAGS='-g -O2'
CYGPATH_W='echo'
DEFS='-DHAVE_CONFIG_H'
DEPDIR='.deps'
DLLTOOL='dlltool'
DSYMUTIL=''
DUMPBIN=''
ECHO_C=''
ECHO_N='-n'
ECHO_T=''
EGREP='/bin/grep -E'
EXEEXT=''
FGREP='/bin/grep -F'
GREP='/bin/grep'
INSTALL_DATA='${INSTALL} -m 644'
INSTALL_PROGRAM='${INSTALL}'
INSTALL_SCRIPT='${INSTALL}'
INSTALL_STRIP_PROGRAM='$(install_sh) -c -s'
LD='/usr/bin/ld'
LDFLAGS=''
LIBOBJS=''
LIBS=''
LIBTOOL='$(SHELL) $(top_builddir)/libtool'
LIBUSB_CFLAGS='-I/usr/include/libusb-1.0  '
LIBUSB_CPPFLAGS=' -I/usr/include/libusb-1.0'
LIBUSB_INCLUDEDIR='/usr/include'
LIBUSB_LIBS='-pthread -lusb-1.0 -lrt  '
LIPO=''
LN_S='ln -s'
LTLIBOBJS=''
MAKEINFO='${SHELL} /home/ubuntu/openbts/openbts/trunk/missing --run makeinfo'
MANIFEST_TOOL=':'
MKDIR_P='/bin/mkdir -p'
NM='/usr/bin/nm -B'
NMEDIT=''
OBJDUMP='objdump'
OBJEXT='o'
OTOOL64=''
OTOOL=''
PACKAGE='openbts-public'
PACKAGE_BUGREPORT=''
PACKAGE_NAME='openbts-public'
PACKAGE_STRING='openbts-public TRUNK'
PACKAGE_TARNAME='openbts-public'
PACKAGE_URL=''
PACKAGE_VERSION='TRUNK'
PATH_SEPARATOR=':'
PKG_CONFIG='/usr/bin/pkg-config'
RANLIB='ranlib'
RM_PROG='/bin/rm'
SED='/bin/sed'
SET_MAKE=''
SHELL='/bin/bash'
SIMD_FLAGS=''
STRIP='strip'
UHD_CFLAGS='-I/usr/local/include  '
UHD_CPPFLAGS=' -I/usr/local/include'
UHD_FALSE='#'
UHD_INCLUDEDIR='/usr/local/include'
UHD_LIBS='-L/usr/local/lib -luhd  '
UHD_TRUE=''
USRP1_FALSE=''
USRP1_TRUE='#'
USRP_CFLAGS=''
USRP_CPPFLAGS=''
USRP_INCLUDEDIR=''
USRP_LIBS=''
VERSION='TRUNK'
ac_ct_AR='ar'
ac_ct_CC='gcc'
ac_ct_CXX='g++'
ac_ct_DUMPBIN=''
am__EXEEXT_FALSE=''
am__EXEEXT_TRUE='#'
am__fastdepCCAS_FALSE='#'
am__fastdepCCAS_TRUE=''
am__fastdepCC_FALSE='#'
am__fastdepCC_TRUE=''
am__fastdepCXX_FALSE='#'
am__fastdepCXX_TRUE=''
am__include='include'
am__isrc=''
am__leading_dot='.'
am__nodep='_no'
am__quote=''
am__tar='$${TAR-tar} chof - "$$tardir"'
am__untar='$${TAR-tar} xf -'
bindir='${exec_prefix}/bin'
build='armv7l-unknown-linux-gnueabihf'
build_alias=''
build_cpu='armv7l'
build_os='linux-gnueabihf'
build_vendor='unknown'
datadir='${datarootdir}'
datarootdir='${prefix}/share'
docdir='${datarootdir}/doc/${PACKAGE_TARNAME}'
dvidir='${docdir}'
exec_prefix='${prefix}'
host='armv7l-unknown-linux-gnueabihf'
host_alias=''
host_cpu='armv7l'
host_os='linux-gnueabihf'
host_vendor='unknown'
htmldir='${docdir}'
includedir='${prefix}/include'
infodir='${datarootdir}/info'
install_sh='${SHELL} /home/ubuntu/openbts/openbts/trunk/install-sh'
libdir='${exec_prefix}/lib'
libexecdir='${exec_prefix}/libexec'
localedir='${datarootdir}/locale'
localstatedir='${prefix}/var'
mandir='${datarootdir}/man'
mkdir_p='/bin/mkdir -p'
oldincludedir='/usr/include'
pdfdir='${docdir}'
prefix='/usr/local'
program_transform_name='s,x,x,'
psdir='${docdir}'
sbindir='${exec_prefix}/sbin'
sharedstatedir='${prefix}/com'
sysconfdir='${prefix}/etc'
target='armv7l-unknown-linux-gnueabihf'
target_alias=''
target_cpu='armv7l'
target_os='linux-gnueabihf'
target_vendor='unknown'

## ----------- ##
## confdefs.h. ##
## ----------- ##

/* confdefs.h */
#define PACKAGE_NAME "openbts-public"
#define PACKAGE_TARNAME "openbts-public"
#define PACKAGE_VERSION "TRUNK"
#define PACKAGE_STRING "openbts-public TRUNK"
#define PACKAGE_BUGREPORT ""
#define PACKAGE_URL ""
#define PACKAGE "openbts-public"
#define VERSION "TRUNK"
#define STDC_HEADERS 1
#define HAVE_SYS_TYPES_H 1
#define HAVE_SYS_STAT_H 1
#define HAVE_STDLIB_H 1
#define HAVE_STRING_H 1
#define HAVE_MEMORY_H 1
#define HAVE_STRINGS_H 1
#define HAVE_INTTYPES_H 1
#define HAVE_STDINT_H 1
#define HAVE_UNISTD_H 1
#define HAVE_DLFCN_H 1
#define LT_OBJDIR ".libs/"
#define STDC_HEADERS 1
#define HAVE_BYTESWAP_H 1
#define TIME_WITH_SYS_TIME 1
#define USE_UHD 1
#define HAVE_GETHOSTBYNAME_R 1
#define HAVE_GETHOSTBYNAME2_R 1

configure: exit 0
